/usr/bin/cmake -S/bwc_ws/src/isri-aist/BaselineWalkingController -B/bwc_ws/build/baseline_walking_controller --check-build-system CMakeFiles/Makefile.cmake 0
/usr/bin/cmake -E cmake_progress_start /bwc_ws/build/baseline_walking_controller/CMakeFiles /bwc_ws/build/baseline_walking_controller//CMakeFiles/progress.marks
/usr/bin/make  -f CMakeFiles/Makefile2 all
make[1]: Entering directory '/bwc_ws/build/baseline_walking_controller'
/usr/bin/make  -f src/CMakeFiles/BaselineWalkingController.dir/build.make src/CMakeFiles/BaselineWalkingController.dir/depend
make[2]: Entering directory '/bwc_ws/build/baseline_walking_controller'
cd /bwc_ws/build/baseline_walking_controller && /usr/bin/cmake -E cmake_depends "Unix Makefiles" /bwc_ws/src/isri-aist/BaselineWalkingController /bwc_ws/src/isri-aist/BaselineWalkingController/src /bwc_ws/build/baseline_walking_controller /bwc_ws/build/baseline_walking_controller/src /bwc_ws/build/baseline_walking_controller/src/CMakeFiles/BaselineWalkingController.dir/DependInfo.cmake "--color="
make[2]: Leaving directory '/bwc_ws/build/baseline_walking_controller'
/usr/bin/make  -f src/CMakeFiles/BaselineWalkingController.dir/build.make src/CMakeFiles/BaselineWalkingController.dir/build
make[2]: Entering directory '/bwc_ws/build/baseline_walking_controller'
make[2]: Nothing to be done for 'src/CMakeFiles/BaselineWalkingController.dir/build'.
make[2]: Leaving directory '/bwc_ws/build/baseline_walking_controller'
[ 53%] Built target BaselineWalkingController
/usr/bin/make  -f src/CMakeFiles/BaselineWalkingController_controller.dir/build.make src/CMakeFiles/BaselineWalkingController_controller.dir/depend
/usr/bin/make  -f src/states/CMakeFiles/InitialState.dir/build.make src/states/CMakeFiles/InitialState.dir/depend
/usr/bin/make  -f src/states/CMakeFiles/ConfigWalkState.dir/build.make src/states/CMakeFiles/ConfigWalkState.dir/depend
/usr/bin/make  -f src/states/CMakeFiles/GuiWalkState.dir/build.make src/states/CMakeFiles/GuiWalkState.dir/depend
/usr/bin/make  -f src/states/CMakeFiles/RosWalkState.dir/build.make src/states/CMakeFiles/RosWalkState.dir/depend
/usr/bin/make  -f src/states/CMakeFiles/TeleopState.dir/build.make src/states/CMakeFiles/TeleopState.dir/depend
/usr/bin/make  -f src/states/CMakeFiles/FootstepPlannerState.dir/build.make src/states/CMakeFiles/FootstepPlannerState.dir/depend
make[2]: Entering directory '/bwc_ws/build/baseline_walking_controller'
cd /bwc_ws/build/baseline_walking_controller && /usr/bin/cmake -E cmake_depends "Unix Makefiles" /bwc_ws/src/isri-aist/BaselineWalkingController /bwc_ws/src/isri-aist/BaselineWalkingController/src /bwc_ws/build/baseline_walking_controller /bwc_ws/build/baseline_walking_controller/src /bwc_ws/build/baseline_walking_controller/src/CMakeFiles/BaselineWalkingController_controller.dir/DependInfo.cmake "--color="
make[2]: Entering directory '/bwc_ws/build/baseline_walking_controller'
cd /bwc_ws/build/baseline_walking_controller && /usr/bin/cmake -E cmake_depends "Unix Makefiles" /bwc_ws/src/isri-aist/BaselineWalkingController /bwc_ws/src/isri-aist/BaselineWalkingController/src/states /bwc_ws/build/baseline_walking_controller /bwc_ws/build/baseline_walking_controller/src/states /bwc_ws/build/baseline_walking_controller/src/states/CMakeFiles/InitialState.dir/DependInfo.cmake "--color="
make[2]: Entering directory '/bwc_ws/build/baseline_walking_controller'
cd /bwc_ws/build/baseline_walking_controller && /usr/bin/cmake -E cmake_depends "Unix Makefiles" /bwc_ws/src/isri-aist/BaselineWalkingController /bwc_ws/src/isri-aist/BaselineWalkingController/src/states /bwc_ws/build/baseline_walking_controller /bwc_ws/build/baseline_walking_controller/src/states /bwc_ws/build/baseline_walking_controller/src/states/CMakeFiles/ConfigWalkState.dir/DependInfo.cmake "--color="
make[2]: Entering directory '/bwc_ws/build/baseline_walking_controller'
cd /bwc_ws/build/baseline_walking_controller && /usr/bin/cmake -E cmake_depends "Unix Makefiles" /bwc_ws/src/isri-aist/BaselineWalkingController /bwc_ws/src/isri-aist/BaselineWalkingController/src/states /bwc_ws/build/baseline_walking_controller /bwc_ws/build/baseline_walking_controller/src/states /bwc_ws/build/baseline_walking_controller/src/states/CMakeFiles/GuiWalkState.dir/DependInfo.cmake "--color="
make[2]: Entering directory '/bwc_ws/build/baseline_walking_controller'
cd /bwc_ws/build/baseline_walking_controller && /usr/bin/cmake -E cmake_depends "Unix Makefiles" /bwc_ws/src/isri-aist/BaselineWalkingController /bwc_ws/src/isri-aist/BaselineWalkingController/src/states /bwc_ws/build/baseline_walking_controller /bwc_ws/build/baseline_walking_controller/src/states /bwc_ws/build/baseline_walking_controller/src/states/CMakeFiles/RosWalkState.dir/DependInfo.cmake "--color="
make[2]: Entering directory '/bwc_ws/build/baseline_walking_controller'
cd /bwc_ws/build/baseline_walking_controller && /usr/bin/cmake -E cmake_depends "Unix Makefiles" /bwc_ws/src/isri-aist/BaselineWalkingController /bwc_ws/src/isri-aist/BaselineWalkingController/src/states /bwc_ws/build/baseline_walking_controller /bwc_ws/build/baseline_walking_controller/src/states /bwc_ws/build/baseline_walking_controller/src/states/CMakeFiles/TeleopState.dir/DependInfo.cmake "--color="
make[2]: Entering directory '/bwc_ws/build/baseline_walking_controller'
cd /bwc_ws/build/baseline_walking_controller && /usr/bin/cmake -E cmake_depends "Unix Makefiles" /bwc_ws/src/isri-aist/BaselineWalkingController /bwc_ws/src/isri-aist/BaselineWalkingController/src/states /bwc_ws/build/baseline_walking_controller /bwc_ws/build/baseline_walking_controller/src/states /bwc_ws/build/baseline_walking_controller/src/states/CMakeFiles/FootstepPlannerState.dir/DependInfo.cmake "--color="
make[2]: Leaving directory '/bwc_ws/build/baseline_walking_controller'
make[2]: Leaving directory '/bwc_ws/build/baseline_walking_controller'
make[2]: Leaving directory '/bwc_ws/build/baseline_walking_controller'
/usr/bin/make  -f src/CMakeFiles/BaselineWalkingController_controller.dir/build.make src/CMakeFiles/BaselineWalkingController_controller.dir/build
/usr/bin/make  -f src/states/CMakeFiles/InitialState.dir/build.make src/states/CMakeFiles/InitialState.dir/build
make[2]: Leaving directory '/bwc_ws/build/baseline_walking_controller'
/usr/bin/make  -f src/states/CMakeFiles/ConfigWalkState.dir/build.make src/states/CMakeFiles/ConfigWalkState.dir/build
/usr/bin/make  -f src/states/CMakeFiles/GuiWalkState.dir/build.make src/states/CMakeFiles/GuiWalkState.dir/build
make[2]: Leaving directory '/bwc_ws/build/baseline_walking_controller'
/usr/bin/make  -f src/states/CMakeFiles/FootstepPlannerState.dir/build.make src/states/CMakeFiles/FootstepPlannerState.dir/build
make[2]: Leaving directory '/bwc_ws/build/baseline_walking_controller'
make[2]: Leaving directory '/bwc_ws/build/baseline_walking_controller'
/usr/bin/make  -f src/states/CMakeFiles/RosWalkState.dir/build.make src/states/CMakeFiles/RosWalkState.dir/build
/usr/bin/make  -f src/states/CMakeFiles/TeleopState.dir/build.make src/states/CMakeFiles/TeleopState.dir/build
make[2]: Entering directory '/bwc_ws/build/baseline_walking_controller'
make[2]: Nothing to be done for 'src/CMakeFiles/BaselineWalkingController_controller.dir/build'.
make[2]: Leaving directory '/bwc_ws/build/baseline_walking_controller'
make[2]: Entering directory '/bwc_ws/build/baseline_walking_controller'
make[2]: Nothing to be done for 'src/states/CMakeFiles/FootstepPlannerState.dir/build'.
make[2]: Leaving directory '/bwc_ws/build/baseline_walking_controller'
make[2]: Entering directory '/bwc_ws/build/baseline_walking_controller'
make[2]: Nothing to be done for 'src/states/CMakeFiles/GuiWalkState.dir/build'.
make[2]: Leaving directory '/bwc_ws/build/baseline_walking_controller'
make[2]: Entering directory '/bwc_ws/build/baseline_walking_controller'
make[2]: Nothing to be done for 'src/states/CMakeFiles/InitialState.dir/build'.
make[2]: Leaving directory '/bwc_ws/build/baseline_walking_controller'
make[2]: Entering directory '/bwc_ws/build/baseline_walking_controller'
make[2]: Nothing to be done for 'src/states/CMakeFiles/ConfigWalkState.dir/build'.
make[2]: Leaving directory '/bwc_ws/build/baseline_walking_controller'
[ 80%] Built target InitialState
[ 80%] Built target GuiWalkState
[ 80%] Built target FootstepPlannerState
[ 80%] Built target BaselineWalkingController_controller
[ 86%] Built target ConfigWalkState
make[2]: Entering directory '/bwc_ws/build/baseline_walking_controller'
make[2]: Entering directory '/bwc_ws/build/baseline_walking_controller'
make[2]: Nothing to be done for 'src/states/CMakeFiles/TeleopState.dir/build'.
make[2]: Nothing to be done for 'src/states/CMakeFiles/RosWalkState.dir/build'.
make[2]: Leaving directory '/bwc_ws/build/baseline_walking_controller'
make[2]: Leaving directory '/bwc_ws/build/baseline_walking_controller'
[ 96%] Built target TeleopState
[100%] Built target RosWalkState
make[1]: Leaving directory '/bwc_ws/build/baseline_walking_controller'
/usr/bin/cmake -E cmake_progress_start /bwc_ws/build/baseline_walking_controller/CMakeFiles 0
