[01m[K/bwc_ws/src/isri-aist/BaselineWalkingController/src/CentroidalManager.cpp:[m[K In constructor ‘[01m[KBWC::CentroidalManager::CentroidalManager(BWC::BaselineWalkingController*, const mc_rtc::Configuration&)[m[K’:
[01m[K/bwc_ws/src/isri-aist/BaselineWalkingController/src/CentroidalManager.cpp:78:16:[m[K [01;31m[Kerror: [m[Kexpected ‘[01m[K;[m[K’ before ‘[01m[K}[m[K’ token
   78 |   openLogFile()
      |                [01;31m[K^[m[K
      |                [32m[K;[m[K
   79 | [32m[K}[m[K
      | [32m[K~[m[K               
[01m[K/bwc_ws/src/isri-aist/BaselineWalkingController/src/CentroidalManager.cpp:[m[K In member function ‘[01m[Kvirtual void BWC::CentroidalManager::update()[m[K’:
[01m[K/bwc_ws/src/isri-aist/BaselineWalkingController/src/CentroidalManager.cpp:233:42:[m[K [01;31m[Kerror: [m[K‘[01m[KcontactCount[m[K’ was not declared in this scope
  233 |     comZLogFile << currentTime << "," << [01;31m[KcontactCount[m[K << "," << footSurfaceZDiff << "\n";
      |                                          [01;31m[K^~~~~~~~~~~~[m[K
[01m[K/bwc_ws/src/isri-aist/BaselineWalkingController/src/CentroidalManager.cpp:233:65:[m[K [01;31m[Kerror: [m[K‘[01m[KfootSurfaceZDiff[m[K’ was not declared in this scope
  233 |     comZLogFile << currentTime << "," << contactCount << "," << [01;31m[KfootSurfaceZDiff[m[K << "\n";
      |                                                                 [01;31m[K^~~~~~~~~~~~~~~~[m[K
[01m[K/bwc_ws/src/isri-aist/BaselineWalkingController/src/CentroidalManager.cpp:[m[K In member function ‘[01m[Kvirtual void BWC::CentroidalManager::stop()[m[K’:
[01m[K/bwc_ws/src/isri-aist/BaselineWalkingController/src/CentroidalManager.cpp:303:17:[m[K [01;31m[Kerror: [m[Kexpected ‘[01m[K;[m[K’ before ‘[01m[KremoveFromGUI[m[K’
  303 |   closeLogFile()
      |                 [01;31m[K^[m[K
      |                 [32m[K;[m[K
  304 |   [32m[KremoveFromGUI[m[K(*ctl().gui());
      |   [32m[K~~~~~~~~~~~~~[m[K  
make[2]: *** [src/CMakeFiles/BaselineWalkingController.dir/build.make:149: src/CMakeFiles/BaselineWalkingController.dir/CentroidalManager.cpp.o] Error 1
make[1]: *** [CMakeFiles/Makefile2:2211: src/CMakeFiles/BaselineWalkingController.dir/all] Error 2
make: *** [Makefile:149: all] Error 2
