/usr/bin/cmake -S/bwc_ws/src/isri-aist/BaselineFootstepPlanner -B/bwc_ws/build/baseline_footstep_planner --check-build-system CMakeFiles/Makefile.cmake 0
/usr/bin/cmake -E cmake_progress_start /bwc_ws/build/baseline_footstep_planner/CMakeFiles /bwc_ws/build/baseline_footstep_planner//CMakeFiles/progress.marks
/usr/bin/make  -f CMakeFiles/Makefile2 all
make[1]: Entering directory '/bwc_ws/build/baseline_footstep_planner'
/usr/bin/make  -f CMakeFiles/_baseline_footstep_planner_generate_messages_check_deps_FootstepSequence2DStamped.dir/build.make CMakeFiles/_baseline_footstep_planner_generate_messages_check_deps_FootstepSequence2DStamped.dir/depend
/usr/bin/make  -f CMakeFiles/std_msgs_generate_messages_py.dir/build.make CMakeFiles/std_msgs_generate_messages_py.dir/depend
/usr/bin/make  -f CMakeFiles/geometry_msgs_generate_messages_py.dir/build.make CMakeFiles/geometry_msgs_generate_messages_py.dir/depend
/usr/bin/make  -f CMakeFiles/_baseline_footstep_planner_generate_messages_check_deps_Footstep2D.dir/build.make CMakeFiles/_baseline_footstep_planner_generate_messages_check_deps_Footstep2D.dir/depend
/usr/bin/make  -f CMakeFiles/_baseline_footstep_planner_generate_messages_check_deps_FootstepSequence2D.dir/build.make CMakeFiles/_baseline_footstep_planner_generate_messages_check_deps_FootstepSequence2D.dir/depend
/usr/bin/make  -f CMakeFiles/std_msgs_generate_messages_cpp.dir/build.make CMakeFiles/std_msgs_generate_messages_cpp.dir/depend
/usr/bin/make  -f CMakeFiles/geometry_msgs_generate_messages_cpp.dir/build.make CMakeFiles/geometry_msgs_generate_messages_cpp.dir/depend
/usr/bin/make  -f CMakeFiles/std_msgs_generate_messages_eus.dir/build.make CMakeFiles/std_msgs_generate_messages_eus.dir/depend
/usr/bin/make  -f CMakeFiles/geometry_msgs_generate_messages_eus.dir/build.make CMakeFiles/geometry_msgs_generate_messages_eus.dir/depend
/usr/bin/make  -f CMakeFiles/std_msgs_generate_messages_lisp.dir/build.make CMakeFiles/std_msgs_generate_messages_lisp.dir/depend
/usr/bin/make  -f CMakeFiles/geometry_msgs_generate_messages_lisp.dir/build.make CMakeFiles/geometry_msgs_generate_messages_lisp.dir/depend
make[2]: Entering directory '/bwc_ws/build/baseline_footstep_planner'
cd /bwc_ws/build/baseline_footstep_planner && /usr/bin/cmake -E cmake_depends "Unix Makefiles" /bwc_ws/src/isri-aist/BaselineFootstepPlanner /bwc_ws/src/isri-aist/BaselineFootstepPlanner /bwc_ws/build/baseline_footstep_planner /bwc_ws/build/baseline_footstep_planner /bwc_ws/build/baseline_footstep_planner/CMakeFiles/_baseline_footstep_planner_generate_messages_check_deps_Footstep2D.dir/DependInfo.cmake "--color="
make[2]: Entering directory '/bwc_ws/build/baseline_footstep_planner'
make[2]: Entering directory '/bwc_ws/build/baseline_footstep_planner'
cd /bwc_ws/build/baseline_footstep_planner && /usr/bin/cmake -E cmake_depends "Unix Makefiles" /bwc_ws/src/isri-aist/BaselineFootstepPlanner /bwc_ws/src/isri-aist/BaselineFootstepPlanner /bwc_ws/build/baseline_footstep_planner /bwc_ws/build/baseline_footstep_planner /bwc_ws/build/baseline_footstep_planner/CMakeFiles/geometry_msgs_generate_messages_py.dir/DependInfo.cmake "--color="
make[2]: Entering directory '/bwc_ws/build/baseline_footstep_planner'
cd /bwc_ws/build/baseline_footstep_planner && /usr/bin/cmake -E cmake_depends "Unix Makefiles" /bwc_ws/src/isri-aist/BaselineFootstepPlanner /bwc_ws/src/isri-aist/BaselineFootstepPlanner /bwc_ws/build/baseline_footstep_planner /bwc_ws/build/baseline_footstep_planner /bwc_ws/build/baseline_footstep_planner/CMakeFiles/std_msgs_generate_messages_py.dir/DependInfo.cmake "--color="
cd /bwc_ws/build/baseline_footstep_planner && /usr/bin/cmake -E cmake_depends "Unix Makefiles" /bwc_ws/src/isri-aist/BaselineFootstepPlanner /bwc_ws/src/isri-aist/BaselineFootstepPlanner /bwc_ws/build/baseline_footstep_planner /bwc_ws/build/baseline_footstep_planner /bwc_ws/build/baseline_footstep_planner/CMakeFiles/_baseline_footstep_planner_generate_messages_check_deps_FootstepSequence2DStamped.dir/DependInfo.cmake "--color="
/usr/bin/make  -f CMakeFiles/std_msgs_generate_messages_nodejs.dir/build.make CMakeFiles/std_msgs_generate_messages_nodejs.dir/depend
/usr/bin/make  -f CMakeFiles/geometry_msgs_generate_messages_nodejs.dir/build.make CMakeFiles/geometry_msgs_generate_messages_nodejs.dir/depend
make[2]: Entering directory '/bwc_ws/build/baseline_footstep_planner'
cd /bwc_ws/build/baseline_footstep_planner && /usr/bin/cmake -E cmake_depends "Unix Makefiles" /bwc_ws/src/isri-aist/BaselineFootstepPlanner /bwc_ws/src/isri-aist/BaselineFootstepPlanner /bwc_ws/build/baseline_footstep_planner /bwc_ws/build/baseline_footstep_planner /bwc_ws/build/baseline_footstep_planner/CMakeFiles/_baseline_footstep_planner_generate_messages_check_deps_FootstepSequence2D.dir/DependInfo.cmake "--color="
make[2]: Entering directory '/bwc_ws/build/baseline_footstep_planner'
cd /bwc_ws/build/baseline_footstep_planner && /usr/bin/cmake -E cmake_depends "Unix Makefiles" /bwc_ws/src/isri-aist/BaselineFootstepPlanner /bwc_ws/src/isri-aist/BaselineFootstepPlanner /bwc_ws/build/baseline_footstep_planner /bwc_ws/build/baseline_footstep_planner /bwc_ws/build/baseline_footstep_planner/CMakeFiles/geometry_msgs_generate_messages_cpp.dir/DependInfo.cmake "--color="
make[2]: Entering directory '/bwc_ws/build/baseline_footstep_planner'
cd /bwc_ws/build/baseline_footstep_planner && /usr/bin/cmake -E cmake_depends "Unix Makefiles" /bwc_ws/src/isri-aist/BaselineFootstepPlanner /bwc_ws/src/isri-aist/BaselineFootstepPlanner /bwc_ws/build/baseline_footstep_planner /bwc_ws/build/baseline_footstep_planner /bwc_ws/build/baseline_footstep_planner/CMakeFiles/std_msgs_generate_messages_eus.dir/DependInfo.cmake "--color="
make[2]: Entering directory '/bwc_ws/build/baseline_footstep_planner'
cd /bwc_ws/build/baseline_footstep_planner && /usr/bin/cmake -E cmake_depends "Unix Makefiles" /bwc_ws/src/isri-aist/BaselineFootstepPlanner /bwc_ws/src/isri-aist/BaselineFootstepPlanner /bwc_ws/build/baseline_footstep_planner /bwc_ws/build/baseline_footstep_planner /bwc_ws/build/baseline_footstep_planner/CMakeFiles/std_msgs_generate_messages_cpp.dir/DependInfo.cmake "--color="
make[2]: Entering directory '/bwc_ws/build/baseline_footstep_planner'
cd /bwc_ws/build/baseline_footstep_planner && /usr/bin/cmake -E cmake_depends "Unix Makefiles" /bwc_ws/src/isri-aist/BaselineFootstepPlanner /bwc_ws/src/isri-aist/BaselineFootstepPlanner /bwc_ws/build/baseline_footstep_planner /bwc_ws/build/baseline_footstep_planner /bwc_ws/build/baseline_footstep_planner/CMakeFiles/geometry_msgs_generate_messages_eus.dir/DependInfo.cmake "--color="
make[2]: Entering directory '/bwc_ws/build/baseline_footstep_planner'
cd /bwc_ws/build/baseline_footstep_planner && /usr/bin/cmake -E cmake_depends "Unix Makefiles" /bwc_ws/src/isri-aist/BaselineFootstepPlanner /bwc_ws/src/isri-aist/BaselineFootstepPlanner /bwc_ws/build/baseline_footstep_planner /bwc_ws/build/baseline_footstep_planner /bwc_ws/build/baseline_footstep_planner/CMakeFiles/std_msgs_generate_messages_lisp.dir/DependInfo.cmake "--color="
make[2]: Entering directory '/bwc_ws/build/baseline_footstep_planner'
cd /bwc_ws/build/baseline_footstep_planner && /usr/bin/cmake -E cmake_depends "Unix Makefiles" /bwc_ws/src/isri-aist/BaselineFootstepPlanner /bwc_ws/src/isri-aist/BaselineFootstepPlanner /bwc_ws/build/baseline_footstep_planner /bwc_ws/build/baseline_footstep_planner /bwc_ws/build/baseline_footstep_planner/CMakeFiles/geometry_msgs_generate_messages_lisp.dir/DependInfo.cmake "--color="
make[2]: Entering directory '/bwc_ws/build/baseline_footstep_planner'
cd /bwc_ws/build/baseline_footstep_planner && /usr/bin/cmake -E cmake_depends "Unix Makefiles" /bwc_ws/src/isri-aist/BaselineFootstepPlanner /bwc_ws/src/isri-aist/BaselineFootstepPlanner /bwc_ws/build/baseline_footstep_planner /bwc_ws/build/baseline_footstep_planner /bwc_ws/build/baseline_footstep_planner/CMakeFiles/std_msgs_generate_messages_nodejs.dir/DependInfo.cmake "--color="
make[2]: Entering directory '/bwc_ws/build/baseline_footstep_planner'
cd /bwc_ws/build/baseline_footstep_planner && /usr/bin/cmake -E cmake_depends "Unix Makefiles" /bwc_ws/src/isri-aist/BaselineFootstepPlanner /bwc_ws/src/isri-aist/BaselineFootstepPlanner /bwc_ws/build/baseline_footstep_planner /bwc_ws/build/baseline_footstep_planner /bwc_ws/build/baseline_footstep_planner/CMakeFiles/geometry_msgs_generate_messages_nodejs.dir/DependInfo.cmake "--color="
make[2]: Leaving directory '/bwc_ws/build/baseline_footstep_planner'
make[2]: Leaving directory '/bwc_ws/build/baseline_footstep_planner'
make[2]: Leaving directory '/bwc_ws/build/baseline_footstep_planner'
make[2]: Leaving directory '/bwc_ws/build/baseline_footstep_planner'
/usr/bin/make  -f CMakeFiles/_baseline_footstep_planner_generate_messages_check_deps_FootstepSequence2DStamped.dir/build.make CMakeFiles/_baseline_footstep_planner_generate_messages_check_deps_FootstepSequence2DStamped.dir/build
make[2]: Leaving directory '/bwc_ws/build/baseline_footstep_planner'
make[2]: Leaving directory '/bwc_ws/build/baseline_footstep_planner'
/usr/bin/make  -f CMakeFiles/std_msgs_generate_messages_py.dir/build.make CMakeFiles/std_msgs_generate_messages_py.dir/build
make[2]: Leaving directory '/bwc_ws/build/baseline_footstep_planner'
/usr/bin/make  -f CMakeFiles/geometry_msgs_generate_messages_py.dir/build.make CMakeFiles/geometry_msgs_generate_messages_py.dir/build
make[2]: Leaving directory '/bwc_ws/build/baseline_footstep_planner'
/usr/bin/make  -f CMakeFiles/_baseline_footstep_planner_generate_messages_check_deps_Footstep2D.dir/build.make CMakeFiles/_baseline_footstep_planner_generate_messages_check_deps_Footstep2D.dir/build
make[2]: Leaving directory '/bwc_ws/build/baseline_footstep_planner'
make[2]: Leaving directory '/bwc_ws/build/baseline_footstep_planner'
/usr/bin/make  -f CMakeFiles/std_msgs_generate_messages_cpp.dir/build.make CMakeFiles/std_msgs_generate_messages_cpp.dir/build
make[2]: Leaving directory '/bwc_ws/build/baseline_footstep_planner'
/usr/bin/make  -f CMakeFiles/geometry_msgs_generate_messages_cpp.dir/build.make CMakeFiles/geometry_msgs_generate_messages_cpp.dir/build
/usr/bin/make  -f CMakeFiles/_baseline_footstep_planner_generate_messages_check_deps_FootstepSequence2D.dir/build.make CMakeFiles/_baseline_footstep_planner_generate_messages_check_deps_FootstepSequence2D.dir/build
make[2]: Leaving directory '/bwc_ws/build/baseline_footstep_planner'
/usr/bin/make  -f CMakeFiles/std_msgs_generate_messages_eus.dir/build.make CMakeFiles/std_msgs_generate_messages_eus.dir/build
make[2]: Leaving directory '/bwc_ws/build/baseline_footstep_planner'
/usr/bin/make  -f CMakeFiles/geometry_msgs_generate_messages_eus.dir/build.make CMakeFiles/geometry_msgs_generate_messages_eus.dir/build
/usr/bin/make  -f CMakeFiles/std_msgs_generate_messages_lisp.dir/build.make CMakeFiles/std_msgs_generate_messages_lisp.dir/build
make[2]: Entering directory '/bwc_ws/build/baseline_footstep_planner'
catkin_generated/env_cached.sh /usr/bin/python3 /opt/ros/noetic/share/genmsg/cmake/../../../lib/genmsg/genmsg_check_deps.py baseline_footstep_planner /bwc_ws/src/isri-aist/BaselineFootstepPlanner/msg/FootstepSequence2DStamped.msg baseline_footstep_planner/Footstep2D:geometry_msgs/Pose2D:std_msgs/Header:baseline_footstep_planner/FootstepSequence2D
/usr/bin/make  -f CMakeFiles/geometry_msgs_generate_messages_lisp.dir/build.make CMakeFiles/geometry_msgs_generate_messages_lisp.dir/build
make[2]: Entering directory '/bwc_ws/build/baseline_footstep_planner'
make[2]: Nothing to be done for 'CMakeFiles/std_msgs_generate_messages_py.dir/build'.
make[2]: Leaving directory '/bwc_ws/build/baseline_footstep_planner'
/usr/bin/make  -f CMakeFiles/std_msgs_generate_messages_nodejs.dir/build.make CMakeFiles/std_msgs_generate_messages_nodejs.dir/build
/usr/bin/make  -f CMakeFiles/geometry_msgs_generate_messages_nodejs.dir/build.make CMakeFiles/geometry_msgs_generate_messages_nodejs.dir/build
make[2]: Entering directory '/bwc_ws/build/baseline_footstep_planner'
make[2]: Nothing to be done for 'CMakeFiles/geometry_msgs_generate_messages_py.dir/build'.
make[2]: Leaving directory '/bwc_ws/build/baseline_footstep_planner'
make[2]: Entering directory '/bwc_ws/build/baseline_footstep_planner'
catkin_generated/env_cached.sh /usr/bin/python3 /opt/ros/noetic/share/genmsg/cmake/../../../lib/genmsg/genmsg_check_deps.py baseline_footstep_planner /bwc_ws/src/isri-aist/BaselineFootstepPlanner/msg/Footstep2D.msg geometry_msgs/Pose2D
make[2]: Entering directory '/bwc_ws/build/baseline_footstep_planner'
make[2]: Nothing to be done for 'CMakeFiles/std_msgs_generate_messages_cpp.dir/build'.
make[2]: Leaving directory '/bwc_ws/build/baseline_footstep_planner'
make[2]: Entering directory '/bwc_ws/build/baseline_footstep_planner'
make[2]: Nothing to be done for 'CMakeFiles/geometry_msgs_generate_messages_cpp.dir/build'.
make[2]: Leaving directory '/bwc_ws/build/baseline_footstep_planner'
make[2]: Entering directory '/bwc_ws/build/baseline_footstep_planner'
catkin_generated/env_cached.sh /usr/bin/python3 /opt/ros/noetic/share/genmsg/cmake/../../../lib/genmsg/genmsg_check_deps.py baseline_footstep_planner /bwc_ws/src/isri-aist/BaselineFootstepPlanner/msg/FootstepSequence2D.msg geometry_msgs/Pose2D:baseline_footstep_planner/Footstep2D
make[2]: Entering directory '/bwc_ws/build/baseline_footstep_planner'
make[2]: Nothing to be done for 'CMakeFiles/std_msgs_generate_messages_eus.dir/build'.
make[2]: Leaving directory '/bwc_ws/build/baseline_footstep_planner'
make[2]: Entering directory '/bwc_ws/build/baseline_footstep_planner'
make[2]: Nothing to be done for 'CMakeFiles/geometry_msgs_generate_messages_eus.dir/build'.
make[2]: Leaving directory '/bwc_ws/build/baseline_footstep_planner'
make[2]: Entering directory '/bwc_ws/build/baseline_footstep_planner'
make[2]: Nothing to be done for 'CMakeFiles/std_msgs_generate_messages_lisp.dir/build'.
make[2]: Leaving directory '/bwc_ws/build/baseline_footstep_planner'
make[2]: Entering directory '/bwc_ws/build/baseline_footstep_planner'
make[2]: Nothing to be done for 'CMakeFiles/std_msgs_generate_messages_nodejs.dir/build'.
make[2]: Leaving directory '/bwc_ws/build/baseline_footstep_planner'
make[2]: Entering directory '/bwc_ws/build/baseline_footstep_planner'
make[2]: Nothing to be done for 'CMakeFiles/geometry_msgs_generate_messages_lisp.dir/build'.
make[2]: Leaving directory '/bwc_ws/build/baseline_footstep_planner'
make[2]: Entering directory '/bwc_ws/build/baseline_footstep_planner'
make[2]: Nothing to be done for 'CMakeFiles/geometry_msgs_generate_messages_nodejs.dir/build'.
make[2]: Leaving directory '/bwc_ws/build/baseline_footstep_planner'
[  0%] Built target std_msgs_generate_messages_py
[  0%] Built target std_msgs_generate_messages_cpp
[  0%] Built target geometry_msgs_generate_messages_py
[  0%] Built target std_msgs_generate_messages_eus
[  0%] Built target geometry_msgs_generate_messages_cpp
[  0%] Built target std_msgs_generate_messages_lisp
[  0%] Built target geometry_msgs_generate_messages_eus
[  0%] Built target geometry_msgs_generate_messages_lisp
[  0%] Built target std_msgs_generate_messages_nodejs
[  0%] Built target geometry_msgs_generate_messages_nodejs
make[2]: Leaving directory '/bwc_ws/build/baseline_footstep_planner'
make[2]: Leaving directory '/bwc_ws/build/baseline_footstep_planner'
make[2]: Leaving directory '/bwc_ws/build/baseline_footstep_planner'
[  0%] Built target _baseline_footstep_planner_generate_messages_check_deps_Footstep2D
[  0%] Built target _baseline_footstep_planner_generate_messages_check_deps_FootstepSequence2D
[  0%] Built target _baseline_footstep_planner_generate_messages_check_deps_FootstepSequence2DStamped
/usr/bin/make  -f CMakeFiles/baseline_footstep_planner_generate_messages_py.dir/build.make CMakeFiles/baseline_footstep_planner_generate_messages_py.dir/depend
/usr/bin/make  -f CMakeFiles/baseline_footstep_planner_generate_messages_cpp.dir/build.make CMakeFiles/baseline_footstep_planner_generate_messages_cpp.dir/depend
/usr/bin/make  -f CMakeFiles/baseline_footstep_planner_generate_messages_eus.dir/build.make CMakeFiles/baseline_footstep_planner_generate_messages_eus.dir/depend
/usr/bin/make  -f CMakeFiles/baseline_footstep_planner_generate_messages_lisp.dir/build.make CMakeFiles/baseline_footstep_planner_generate_messages_lisp.dir/depend
/usr/bin/make  -f CMakeFiles/baseline_footstep_planner_generate_messages_nodejs.dir/build.make CMakeFiles/baseline_footstep_planner_generate_messages_nodejs.dir/depend
make[2]: Entering directory '/bwc_ws/build/baseline_footstep_planner'
cd /bwc_ws/build/baseline_footstep_planner && /usr/bin/cmake -E cmake_depends "Unix Makefiles" /bwc_ws/src/isri-aist/BaselineFootstepPlanner /bwc_ws/src/isri-aist/BaselineFootstepPlanner /bwc_ws/build/baseline_footstep_planner /bwc_ws/build/baseline_footstep_planner /bwc_ws/build/baseline_footstep_planner/CMakeFiles/baseline_footstep_planner_generate_messages_py.dir/DependInfo.cmake "--color="
make[2]: Entering directory '/bwc_ws/build/baseline_footstep_planner'
cd /bwc_ws/build/baseline_footstep_planner && /usr/bin/cmake -E cmake_depends "Unix Makefiles" /bwc_ws/src/isri-aist/BaselineFootstepPlanner /bwc_ws/src/isri-aist/BaselineFootstepPlanner /bwc_ws/build/baseline_footstep_planner /bwc_ws/build/baseline_footstep_planner /bwc_ws/build/baseline_footstep_planner/CMakeFiles/baseline_footstep_planner_generate_messages_cpp.dir/DependInfo.cmake "--color="
make[2]: Entering directory '/bwc_ws/build/baseline_footstep_planner'
cd /bwc_ws/build/baseline_footstep_planner && /usr/bin/cmake -E cmake_depends "Unix Makefiles" /bwc_ws/src/isri-aist/BaselineFootstepPlanner /bwc_ws/src/isri-aist/BaselineFootstepPlanner /bwc_ws/build/baseline_footstep_planner /bwc_ws/build/baseline_footstep_planner /bwc_ws/build/baseline_footstep_planner/CMakeFiles/baseline_footstep_planner_generate_messages_eus.dir/DependInfo.cmake "--color="
make[2]: Entering directory '/bwc_ws/build/baseline_footstep_planner'
cd /bwc_ws/build/baseline_footstep_planner && /usr/bin/cmake -E cmake_depends "Unix Makefiles" /bwc_ws/src/isri-aist/BaselineFootstepPlanner /bwc_ws/src/isri-aist/BaselineFootstepPlanner /bwc_ws/build/baseline_footstep_planner /bwc_ws/build/baseline_footstep_planner /bwc_ws/build/baseline_footstep_planner/CMakeFiles/baseline_footstep_planner_generate_messages_lisp.dir/DependInfo.cmake "--color="
make[2]: Entering directory '/bwc_ws/build/baseline_footstep_planner'
cd /bwc_ws/build/baseline_footstep_planner && /usr/bin/cmake -E cmake_depends "Unix Makefiles" /bwc_ws/src/isri-aist/BaselineFootstepPlanner /bwc_ws/src/isri-aist/BaselineFootstepPlanner /bwc_ws/build/baseline_footstep_planner /bwc_ws/build/baseline_footstep_planner /bwc_ws/build/baseline_footstep_planner/CMakeFiles/baseline_footstep_planner_generate_messages_nodejs.dir/DependInfo.cmake "--color="
make[2]: Leaving directory '/bwc_ws/build/baseline_footstep_planner'
make[2]: Leaving directory '/bwc_ws/build/baseline_footstep_planner'
/usr/bin/make  -f CMakeFiles/baseline_footstep_planner_generate_messages_lisp.dir/build.make CMakeFiles/baseline_footstep_planner_generate_messages_lisp.dir/build
make[2]: Leaving directory '/bwc_ws/build/baseline_footstep_planner'
/usr/bin/make  -f CMakeFiles/baseline_footstep_planner_generate_messages_cpp.dir/build.make CMakeFiles/baseline_footstep_planner_generate_messages_cpp.dir/build
make[2]: Leaving directory '/bwc_ws/build/baseline_footstep_planner'
/usr/bin/make  -f CMakeFiles/baseline_footstep_planner_generate_messages_eus.dir/build.make CMakeFiles/baseline_footstep_planner_generate_messages_eus.dir/build
/usr/bin/make  -f CMakeFiles/baseline_footstep_planner_generate_messages_nodejs.dir/build.make CMakeFiles/baseline_footstep_planner_generate_messages_nodejs.dir/build
make[2]: Leaving directory '/bwc_ws/build/baseline_footstep_planner'
/usr/bin/make  -f CMakeFiles/baseline_footstep_planner_generate_messages_py.dir/build.make CMakeFiles/baseline_footstep_planner_generate_messages_py.dir/build
make[2]: Entering directory '/bwc_ws/build/baseline_footstep_planner'
make[2]: Entering directory '/bwc_ws/build/baseline_footstep_planner'
make[2]: Nothing to be done for 'CMakeFiles/baseline_footstep_planner_generate_messages_cpp.dir/build'.
make[2]: Nothing to be done for 'CMakeFiles/baseline_footstep_planner_generate_messages_lisp.dir/build'.
make[2]: Leaving directory '/bwc_ws/build/baseline_footstep_planner'
make[2]: Leaving directory '/bwc_ws/build/baseline_footstep_planner'
make[2]: Entering directory '/bwc_ws/build/baseline_footstep_planner'
make[2]: Nothing to be done for 'CMakeFiles/baseline_footstep_planner_generate_messages_eus.dir/build'.
make[2]: Leaving directory '/bwc_ws/build/baseline_footstep_planner'
make[2]: Entering directory '/bwc_ws/build/baseline_footstep_planner'
make[2]: Nothing to be done for 'CMakeFiles/baseline_footstep_planner_generate_messages_nodejs.dir/build'.
make[2]: Leaving directory '/bwc_ws/build/baseline_footstep_planner'
make[2]: Entering directory '/bwc_ws/build/baseline_footstep_planner'
make[2]: Nothing to be done for 'CMakeFiles/baseline_footstep_planner_generate_messages_py.dir/build'.
make[2]: Leaving directory '/bwc_ws/build/baseline_footstep_planner'
[ 20%] Built target baseline_footstep_planner_generate_messages_cpp
[ 24%] Built target baseline_footstep_planner_generate_messages_lisp
[ 40%] Built target baseline_footstep_planner_generate_messages_eus
[ 52%] Built target baseline_footstep_planner_generate_messages_nodejs
[ 68%] Built target baseline_footstep_planner_generate_messages_py
/usr/bin/make  -f CMakeFiles/baseline_footstep_planner_generate_messages.dir/build.make CMakeFiles/baseline_footstep_planner_generate_messages.dir/depend
/usr/bin/make  -f src/CMakeFiles/BaselineFootstepPlanner.dir/build.make src/CMakeFiles/BaselineFootstepPlanner.dir/depend
make[2]: Entering directory '/bwc_ws/build/baseline_footstep_planner'
cd /bwc_ws/build/baseline_footstep_planner && /usr/bin/cmake -E cmake_depends "Unix Makefiles" /bwc_ws/src/isri-aist/BaselineFootstepPlanner /bwc_ws/src/isri-aist/BaselineFootstepPlanner /bwc_ws/build/baseline_footstep_planner /bwc_ws/build/baseline_footstep_planner /bwc_ws/build/baseline_footstep_planner/CMakeFiles/baseline_footstep_planner_generate_messages.dir/DependInfo.cmake "--color="
make[2]: Entering directory '/bwc_ws/build/baseline_footstep_planner'
cd /bwc_ws/build/baseline_footstep_planner && /usr/bin/cmake -E cmake_depends "Unix Makefiles" /bwc_ws/src/isri-aist/BaselineFootstepPlanner /bwc_ws/src/isri-aist/BaselineFootstepPlanner/src /bwc_ws/build/baseline_footstep_planner /bwc_ws/build/baseline_footstep_planner/src /bwc_ws/build/baseline_footstep_planner/src/CMakeFiles/BaselineFootstepPlanner.dir/DependInfo.cmake "--color="
make[2]: Leaving directory '/bwc_ws/build/baseline_footstep_planner'
/usr/bin/make  -f CMakeFiles/baseline_footstep_planner_generate_messages.dir/build.make CMakeFiles/baseline_footstep_planner_generate_messages.dir/build
make[2]: Entering directory '/bwc_ws/build/baseline_footstep_planner'
make[2]: Nothing to be done for 'CMakeFiles/baseline_footstep_planner_generate_messages.dir/build'.
make[2]: Leaving directory '/bwc_ws/build/baseline_footstep_planner'
[ 68%] Built target baseline_footstep_planner_generate_messages
make[2]: Leaving directory '/bwc_ws/build/baseline_footstep_planner'
/usr/bin/make  -f src/CMakeFiles/BaselineFootstepPlanner.dir/build.make src/CMakeFiles/BaselineFootstepPlanner.dir/build
make[2]: Entering directory '/bwc_ws/build/baseline_footstep_planner'
make[2]: Nothing to be done for 'src/CMakeFiles/BaselineFootstepPlanner.dir/build'.
make[2]: Leaving directory '/bwc_ws/build/baseline_footstep_planner'
[ 92%] Built target BaselineFootstepPlanner
/usr/bin/make  -f node/CMakeFiles/FootstepPlannerNode.dir/build.make node/CMakeFiles/FootstepPlannerNode.dir/depend
make[2]: Entering directory '/bwc_ws/build/baseline_footstep_planner'
cd /bwc_ws/build/baseline_footstep_planner && /usr/bin/cmake -E cmake_depends "Unix Makefiles" /bwc_ws/src/isri-aist/BaselineFootstepPlanner /bwc_ws/src/isri-aist/BaselineFootstepPlanner/node /bwc_ws/build/baseline_footstep_planner /bwc_ws/build/baseline_footstep_planner/node /bwc_ws/build/baseline_footstep_planner/node/CMakeFiles/FootstepPlannerNode.dir/DependInfo.cmake "--color="
make[2]: Leaving directory '/bwc_ws/build/baseline_footstep_planner'
/usr/bin/make  -f node/CMakeFiles/FootstepPlannerNode.dir/build.make node/CMakeFiles/FootstepPlannerNode.dir/build
make[2]: Entering directory '/bwc_ws/build/baseline_footstep_planner'
make[2]: Nothing to be done for 'node/CMakeFiles/FootstepPlannerNode.dir/build'.
make[2]: Leaving directory '/bwc_ws/build/baseline_footstep_planner'
[100%] Built target FootstepPlannerNode
make[1]: Leaving directory '/bwc_ws/build/baseline_footstep_planner'
/usr/bin/cmake -E cmake_progress_start /bwc_ws/build/baseline_footstep_planner/CMakeFiles 0
