Symlinking /bwc_ws/devel/share/common-lisp/ros/baseline_footstep_planner/msg/Footstep2D.lisp
Symlinking /bwc_ws/devel/share/common-lisp/ros/baseline_footstep_planner/msg/_package.lisp
Symlinking /bwc_ws/devel/share/common-lisp/ros/baseline_footstep_planner/msg/_package_FootstepSequence2DStamped.lisp
Symlinking /bwc_ws/devel/share/common-lisp/ros/baseline_footstep_planner/msg/_package_Footstep2D.lisp
Symlinking /bwc_ws/devel/share/common-lisp/ros/baseline_footstep_planner/msg/FootstepSequence2DStamped.lisp
Symlinking /bwc_ws/devel/share/common-lisp/ros/baseline_footstep_planner/msg/baseline_footstep_planner-msg.asd
Symlinking /bwc_ws/devel/share/common-lisp/ros/baseline_footstep_planner/msg/FootstepSequence2D.lisp
Symlinking /bwc_ws/devel/share/common-lisp/ros/baseline_footstep_planner/msg/_package_FootstepSequence2D.lisp
Symlinking /bwc_ws/devel/share/gennodejs/ros/baseline_footstep_planner/_index.js
Symlinking /bwc_ws/devel/share/gennodejs/ros/baseline_footstep_planner/msg/_index.js
Symlinking /bwc_ws/devel/share/gennodejs/ros/baseline_footstep_planner/msg/Footstep2D.js
Symlinking /bwc_ws/devel/share/gennodejs/ros/baseline_footstep_planner/msg/FootstepSequence2DStamped.js
Symlinking /bwc_ws/devel/share/gennodejs/ros/baseline_footstep_planner/msg/FootstepSequence2D.js
Symlinking /bwc_ws/devel/share/baseline_footstep_planner/cmake/baseline_footstep_planner-msg-extras.cmake
Symlinking /bwc_ws/devel/share/baseline_footstep_planner/cmake/baseline_footstep_planner-msg-paths.cmake
Symlinking /bwc_ws/devel/share/baseline_footstep_planner/cmake/baseline_footstep_plannerConfig.cmake
Symlinking /bwc_ws/devel/share/baseline_footstep_planner/cmake/baseline_footstep_plannerConfig-version.cmake
Symlinking /bwc_ws/devel/share/roseus/ros/baseline_footstep_planner/manifest.l
Symlinking /bwc_ws/devel/share/roseus/ros/baseline_footstep_planner/msg/Footstep2D.l
Symlinking /bwc_ws/devel/share/roseus/ros/baseline_footstep_planner/msg/FootstepSequence2D.l
Symlinking /bwc_ws/devel/share/roseus/ros/baseline_footstep_planner/msg/FootstepSequence2DStamped.l
Symlinking /bwc_ws/devel/lib/libBaselineFootstepPlanner.so.0.1.0
Symlinking /bwc_ws/devel/lib/libBaselineFootstepPlanner.so
Symlinking /bwc_ws/devel/lib/libBaselineFootstepPlanner.so.0
Symlinking /bwc_ws/devel/lib/python3/dist-packages/baseline_footstep_planner/__init__.py
Symlinking /bwc_ws/devel/lib/python3/dist-packages/baseline_footstep_planner/msg/__init__.py
Symlinking /bwc_ws/devel/lib/python3/dist-packages/baseline_footstep_planner/msg/_FootstepSequence2D.py
Symlinking /bwc_ws/devel/lib/python3/dist-packages/baseline_footstep_planner/msg/_Footstep2D.py
Symlinking /bwc_ws/devel/lib/python3/dist-packages/baseline_footstep_planner/msg/_FootstepSequence2DStamped.py
Symlinking /bwc_ws/devel/lib/baseline_footstep_planner/FootstepPlannerNode
Symlinking /bwc_ws/devel/lib/pkgconfig/baseline_footstep_planner.pc
Symlinking /bwc_ws/devel/include/baseline_footstep_planner/Footstep2D.h
Symlinking /bwc_ws/devel/include/baseline_footstep_planner/FootstepSequence2D.h
Symlinking /bwc_ws/devel/include/baseline_footstep_planner/FootstepSequence2DStamped.h
