/usr/bin/cmake -S/bwc_ws/src/isri-aist/BaselineFootstepPlanner -B/bwc_ws/build/baseline_footstep_planner --check-build-system CMakeFiles/Makefile.cmake 0
/usr/bin/cmake -E cmake_progress_start /bwc_ws/build/baseline_footstep_planner/CMakeFiles /bwc_ws/build/baseline_footstep_planner//CMakeFiles/progress.marks
/usr/bin/make  -f CMakeFiles/Makefile2 all
make[1]: Entering directory '/bwc_ws/build/baseline_footstep_planner'
/usr/bin/make  -f CMakeFiles/_baseline_footstep_planner_generate_messages_check_deps_FootstepSequence2DStamped.dir/build.make CMakeFiles/_baseline_footstep_planner_generate_messages_check_deps_FootstepSequence2DStamped.dir/depend
/usr/bin/make  -f CMakeFiles/std_msgs_generate_messages_py.dir/build.make CMakeFiles/std_msgs_generate_messages_py.dir/depend
/usr/bin/make  -f CMakeFiles/geometry_msgs_generate_messages_py.dir/build.make CMakeFiles/geometry_msgs_generate_messages_py.dir/depend
/usr/bin/make  -f CMakeFiles/_baseline_footstep_planner_generate_messages_check_deps_Footstep2D.dir/build.make CMakeFiles/_baseline_footstep_planner_generate_messages_check_deps_Footstep2D.dir/depend
make[2]: Entering directory '/bwc_ws/build/baseline_footstep_planner'
cd /bwc_ws/build/baseline_footstep_planner && /usr/bin/cmake -E cmake_depends "Unix Makefiles" /bwc_ws/src/isri-aist/BaselineFootstepPlanner /bwc_ws/src/isri-aist/BaselineFootstepPlanner /bwc_ws/build/baseline_footstep_planner /bwc_ws/build/baseline_footstep_planner /bwc_ws/build/baseline_footstep_planner/CMakeFiles/_baseline_footstep_planner_generate_messages_check_deps_FootstepSequence2DStamped.dir/DependInfo.cmake "--color="
make[2]: Entering directory '/bwc_ws/build/baseline_footstep_planner'
/usr/bin/make  -f CMakeFiles/_baseline_footstep_planner_generate_messages_check_deps_FootstepSequence2D.dir/build.make CMakeFiles/_baseline_footstep_planner_generate_messages_check_deps_FootstepSequence2D.dir/depend
cd /bwc_ws/build/baseline_footstep_planner && /usr/bin/cmake -E cmake_depends "Unix Makefiles" /bwc_ws/src/isri-aist/BaselineFootstepPlanner /bwc_ws/src/isri-aist/BaselineFootstepPlanner /bwc_ws/build/baseline_footstep_planner /bwc_ws/build/baseline_footstep_planner /bwc_ws/build/baseline_footstep_planner/CMakeFiles/std_msgs_generate_messages_py.dir/DependInfo.cmake "--color="
/usr/bin/make  -f CMakeFiles/std_msgs_generate_messages_cpp.dir/build.make CMakeFiles/std_msgs_generate_messages_cpp.dir/depend
make[2]: Entering directory '/bwc_ws/build/baseline_footstep_planner'
cd /bwc_ws/build/baseline_footstep_planner && /usr/bin/cmake -E cmake_depends "Unix Makefiles" /bwc_ws/src/isri-aist/BaselineFootstepPlanner /bwc_ws/src/isri-aist/BaselineFootstepPlanner /bwc_ws/build/baseline_footstep_planner /bwc_ws/build/baseline_footstep_planner /bwc_ws/build/baseline_footstep_planner/CMakeFiles/geometry_msgs_generate_messages_py.dir/DependInfo.cmake "--color="
/usr/bin/make  -f CMakeFiles/geometry_msgs_generate_messages_cpp.dir/build.make CMakeFiles/geometry_msgs_generate_messages_cpp.dir/depend
/usr/bin/make  -f CMakeFiles/std_msgs_generate_messages_eus.dir/build.make CMakeFiles/std_msgs_generate_messages_eus.dir/depend
/usr/bin/make  -f CMakeFiles/geometry_msgs_generate_messages_eus.dir/build.make CMakeFiles/geometry_msgs_generate_messages_eus.dir/depend
make[2]: Entering directory '/bwc_ws/build/baseline_footstep_planner'
cd /bwc_ws/build/baseline_footstep_planner && /usr/bin/cmake -E cmake_depends "Unix Makefiles" /bwc_ws/src/isri-aist/BaselineFootstepPlanner /bwc_ws/src/isri-aist/BaselineFootstepPlanner /bwc_ws/build/baseline_footstep_planner /bwc_ws/build/baseline_footstep_planner /bwc_ws/build/baseline_footstep_planner/CMakeFiles/_baseline_footstep_planner_generate_messages_check_deps_Footstep2D.dir/DependInfo.cmake "--color="
/usr/bin/make  -f CMakeFiles/std_msgs_generate_messages_lisp.dir/build.make CMakeFiles/std_msgs_generate_messages_lisp.dir/depend
make[2]: Entering directory '/bwc_ws/build/baseline_footstep_planner'
cd /bwc_ws/build/baseline_footstep_planner && /usr/bin/cmake -E cmake_depends "Unix Makefiles" /bwc_ws/src/isri-aist/BaselineFootstepPlanner /bwc_ws/src/isri-aist/BaselineFootstepPlanner /bwc_ws/build/baseline_footstep_planner /bwc_ws/build/baseline_footstep_planner /bwc_ws/build/baseline_footstep_planner/CMakeFiles/_baseline_footstep_planner_generate_messages_check_deps_FootstepSequence2D.dir/DependInfo.cmake "--color="
make[2]: Entering directory '/bwc_ws/build/baseline_footstep_planner'
cd /bwc_ws/build/baseline_footstep_planner && /usr/bin/cmake -E cmake_depends "Unix Makefiles" /bwc_ws/src/isri-aist/BaselineFootstepPlanner /bwc_ws/src/isri-aist/BaselineFootstepPlanner /bwc_ws/build/baseline_footstep_planner /bwc_ws/build/baseline_footstep_planner /bwc_ws/build/baseline_footstep_planner/CMakeFiles/std_msgs_generate_messages_cpp.dir/DependInfo.cmake "--color="
/usr/bin/make  -f CMakeFiles/geometry_msgs_generate_messages_lisp.dir/build.make CMakeFiles/geometry_msgs_generate_messages_lisp.dir/depend
make[2]: Entering directory '/bwc_ws/build/baseline_footstep_planner'
cd /bwc_ws/build/baseline_footstep_planner && /usr/bin/cmake -E cmake_depends "Unix Makefiles" /bwc_ws/src/isri-aist/BaselineFootstepPlanner /bwc_ws/src/isri-aist/BaselineFootstepPlanner /bwc_ws/build/baseline_footstep_planner /bwc_ws/build/baseline_footstep_planner /bwc_ws/build/baseline_footstep_planner/CMakeFiles/geometry_msgs_generate_messages_cpp.dir/DependInfo.cmake "--color="
make[2]: Entering directory '/bwc_ws/build/baseline_footstep_planner'
cd /bwc_ws/build/baseline_footstep_planner && /usr/bin/cmake -E cmake_depends "Unix Makefiles" /bwc_ws/src/isri-aist/BaselineFootstepPlanner /bwc_ws/src/isri-aist/BaselineFootstepPlanner /bwc_ws/build/baseline_footstep_planner /bwc_ws/build/baseline_footstep_planner /bwc_ws/build/baseline_footstep_planner/CMakeFiles/std_msgs_generate_messages_eus.dir/DependInfo.cmake "--color="
/usr/bin/make  -f CMakeFiles/std_msgs_generate_messages_nodejs.dir/build.make CMakeFiles/std_msgs_generate_messages_nodejs.dir/depend
make[2]: Entering directory '/bwc_ws/build/baseline_footstep_planner'
cd /bwc_ws/build/baseline_footstep_planner && /usr/bin/cmake -E cmake_depends "Unix Makefiles" /bwc_ws/src/isri-aist/BaselineFootstepPlanner /bwc_ws/src/isri-aist/BaselineFootstepPlanner /bwc_ws/build/baseline_footstep_planner /bwc_ws/build/baseline_footstep_planner /bwc_ws/build/baseline_footstep_planner/CMakeFiles/geometry_msgs_generate_messages_eus.dir/DependInfo.cmake "--color="
/usr/bin/make  -f CMakeFiles/geometry_msgs_generate_messages_nodejs.dir/build.make CMakeFiles/geometry_msgs_generate_messages_nodejs.dir/depend
make[2]: Entering directory '/bwc_ws/build/baseline_footstep_planner'
cd /bwc_ws/build/baseline_footstep_planner && /usr/bin/cmake -E cmake_depends "Unix Makefiles" /bwc_ws/src/isri-aist/BaselineFootstepPlanner /bwc_ws/src/isri-aist/BaselineFootstepPlanner /bwc_ws/build/baseline_footstep_planner /bwc_ws/build/baseline_footstep_planner /bwc_ws/build/baseline_footstep_planner/CMakeFiles/std_msgs_generate_messages_lisp.dir/DependInfo.cmake "--color="
make[2]: Entering directory '/bwc_ws/build/baseline_footstep_planner'
cd /bwc_ws/build/baseline_footstep_planner && /usr/bin/cmake -E cmake_depends "Unix Makefiles" /bwc_ws/src/isri-aist/BaselineFootstepPlanner /bwc_ws/src/isri-aist/BaselineFootstepPlanner /bwc_ws/build/baseline_footstep_planner /bwc_ws/build/baseline_footstep_planner /bwc_ws/build/baseline_footstep_planner/CMakeFiles/geometry_msgs_generate_messages_lisp.dir/DependInfo.cmake "--color="
make[2]: Entering directory '/bwc_ws/build/baseline_footstep_planner'
cd /bwc_ws/build/baseline_footstep_planner && /usr/bin/cmake -E cmake_depends "Unix Makefiles" /bwc_ws/src/isri-aist/BaselineFootstepPlanner /bwc_ws/src/isri-aist/BaselineFootstepPlanner /bwc_ws/build/baseline_footstep_planner /bwc_ws/build/baseline_footstep_planner /bwc_ws/build/baseline_footstep_planner/CMakeFiles/std_msgs_generate_messages_nodejs.dir/DependInfo.cmake "--color="
make[2]: Entering directory '/bwc_ws/build/baseline_footstep_planner'
cd /bwc_ws/build/baseline_footstep_planner && /usr/bin/cmake -E cmake_depends "Unix Makefiles" /bwc_ws/src/isri-aist/BaselineFootstepPlanner /bwc_ws/src/isri-aist/BaselineFootstepPlanner /bwc_ws/build/baseline_footstep_planner /bwc_ws/build/baseline_footstep_planner /bwc_ws/build/baseline_footstep_planner/CMakeFiles/geometry_msgs_generate_messages_nodejs.dir/DependInfo.cmake "--color="
make[2]: Leaving directory '/bwc_ws/build/baseline_footstep_planner'
make[2]: Leaving directory '/bwc_ws/build/baseline_footstep_planner'
make[2]: Leaving directory '/bwc_ws/build/baseline_footstep_planner'
make[2]: Leaving directory '/bwc_ws/build/baseline_footstep_planner'
/usr/bin/make  -f CMakeFiles/geometry_msgs_generate_messages_py.dir/build.make CMakeFiles/geometry_msgs_generate_messages_py.dir/build
/usr/bin/make  -f CMakeFiles/_baseline_footstep_planner_generate_messages_check_deps_FootstepSequence2DStamped.dir/build.make CMakeFiles/_baseline_footstep_planner_generate_messages_check_deps_FootstepSequence2DStamped.dir/build
make[2]: Leaving directory '/bwc_ws/build/baseline_footstep_planner'
/usr/bin/make  -f CMakeFiles/std_msgs_generate_messages_py.dir/build.make CMakeFiles/std_msgs_generate_messages_py.dir/build
make[2]: Leaving directory '/bwc_ws/build/baseline_footstep_planner'
/usr/bin/make  -f CMakeFiles/_baseline_footstep_planner_generate_messages_check_deps_Footstep2D.dir/build.make CMakeFiles/_baseline_footstep_planner_generate_messages_check_deps_Footstep2D.dir/build
/usr/bin/make  -f CMakeFiles/std_msgs_generate_messages_cpp.dir/build.make CMakeFiles/std_msgs_generate_messages_cpp.dir/build
/usr/bin/make  -f CMakeFiles/geometry_msgs_generate_messages_cpp.dir/build.make CMakeFiles/geometry_msgs_generate_messages_cpp.dir/build
make[2]: Leaving directory '/bwc_ws/build/baseline_footstep_planner'
/usr/bin/make  -f CMakeFiles/std_msgs_generate_messages_eus.dir/build.make CMakeFiles/std_msgs_generate_messages_eus.dir/build
make[2]: Leaving directory '/bwc_ws/build/baseline_footstep_planner'
make[2]: Leaving directory '/bwc_ws/build/baseline_footstep_planner'
make[2]: Entering directory '/bwc_ws/build/baseline_footstep_planner'
make[2]: Nothing to be done for 'CMakeFiles/std_msgs_generate_messages_py.dir/build'.
make[2]: Leaving directory '/bwc_ws/build/baseline_footstep_planner'
make[2]: Entering directory '/bwc_ws/build/baseline_footstep_planner'
make[2]: Nothing to be done for 'CMakeFiles/geometry_msgs_generate_messages_py.dir/build'.
make[2]: Leaving directory '/bwc_ws/build/baseline_footstep_planner'
make[2]: Entering directory '/bwc_ws/build/baseline_footstep_planner'
catkin_generated/env_cached.sh /usr/bin/python3 /opt/ros/noetic/share/genmsg/cmake/../../../lib/genmsg/genmsg_check_deps.py baseline_footstep_planner /bwc_ws/src/isri-aist/BaselineFootstepPlanner/msg/FootstepSequence2DStamped.msg geometry_msgs/Pose2D:baseline_footstep_planner/FootstepSequence2D:baseline_footstep_planner/Footstep2D:std_msgs/Header
/usr/bin/make  -f CMakeFiles/_baseline_footstep_planner_generate_messages_check_deps_FootstepSequence2D.dir/build.make CMakeFiles/_baseline_footstep_planner_generate_messages_check_deps_FootstepSequence2D.dir/build
make[2]: Entering directory '/bwc_ws/build/baseline_footstep_planner'
make[2]: Nothing to be done for 'CMakeFiles/std_msgs_generate_messages_cpp.dir/build'.
make[2]: Leaving directory '/bwc_ws/build/baseline_footstep_planner'
/usr/bin/make  -f CMakeFiles/geometry_msgs_generate_messages_eus.dir/build.make CMakeFiles/geometry_msgs_generate_messages_eus.dir/build
make[2]: Entering directory '/bwc_ws/build/baseline_footstep_planner'
catkin_generated/env_cached.sh /usr/bin/python3 /opt/ros/noetic/share/genmsg/cmake/../../../lib/genmsg/genmsg_check_deps.py baseline_footstep_planner /bwc_ws/src/isri-aist/BaselineFootstepPlanner/msg/Footstep2D.msg geometry_msgs/Pose2D
make[2]: Entering directory '/bwc_ws/build/baseline_footstep_planner'
make[2]: Nothing to be done for 'CMakeFiles/geometry_msgs_generate_messages_cpp.dir/build'.
make[2]: Leaving directory '/bwc_ws/build/baseline_footstep_planner'
make[2]: Leaving directory '/bwc_ws/build/baseline_footstep_planner'
make[2]: Leaving directory '/bwc_ws/build/baseline_footstep_planner'
make[2]: Leaving directory '/bwc_ws/build/baseline_footstep_planner'
/usr/bin/make  -f CMakeFiles/geometry_msgs_generate_messages_lisp.dir/build.make CMakeFiles/geometry_msgs_generate_messages_lisp.dir/build
make[2]: Leaving directory '/bwc_ws/build/baseline_footstep_planner'
/usr/bin/make  -f CMakeFiles/std_msgs_generate_messages_nodejs.dir/build.make CMakeFiles/std_msgs_generate_messages_nodejs.dir/build
make[2]: Entering directory '/bwc_ws/build/baseline_footstep_planner'
make[2]: Nothing to be done for 'CMakeFiles/geometry_msgs_generate_messages_eus.dir/build'.
make[2]: Leaving directory '/bwc_ws/build/baseline_footstep_planner'
make[2]: Entering directory '/bwc_ws/build/baseline_footstep_planner'
catkin_generated/env_cached.sh /usr/bin/python3 /opt/ros/noetic/share/genmsg/cmake/../../../lib/genmsg/genmsg_check_deps.py baseline_footstep_planner /bwc_ws/src/isri-aist/BaselineFootstepPlanner/msg/FootstepSequence2D.msg geometry_msgs/Pose2D:baseline_footstep_planner/Footstep2D
make[2]: Entering directory '/bwc_ws/build/baseline_footstep_planner'
make[2]: Nothing to be done for 'CMakeFiles/std_msgs_generate_messages_eus.dir/build'.
make[2]: Leaving directory '/bwc_ws/build/baseline_footstep_planner'
/usr/bin/make  -f CMakeFiles/geometry_msgs_generate_messages_nodejs.dir/build.make CMakeFiles/geometry_msgs_generate_messages_nodejs.dir/build
/usr/bin/make  -f CMakeFiles/std_msgs_generate_messages_lisp.dir/build.make CMakeFiles/std_msgs_generate_messages_lisp.dir/build
make[2]: Entering directory '/bwc_ws/build/baseline_footstep_planner'
make[2]: Nothing to be done for 'CMakeFiles/geometry_msgs_generate_messages_lisp.dir/build'.
make[2]: Leaving directory '/bwc_ws/build/baseline_footstep_planner'
make[2]: Entering directory '/bwc_ws/build/baseline_footstep_planner'
make[2]: Nothing to be done for 'CMakeFiles/geometry_msgs_generate_messages_nodejs.dir/build'.
make[2]: Leaving directory '/bwc_ws/build/baseline_footstep_planner'
make[2]: Entering directory '/bwc_ws/build/baseline_footstep_planner'
make[2]: Nothing to be done for 'CMakeFiles/std_msgs_generate_messages_nodejs.dir/build'.
make[2]: Leaving directory '/bwc_ws/build/baseline_footstep_planner'
make[2]: Entering directory '/bwc_ws/build/baseline_footstep_planner'
make[2]: Nothing to be done for 'CMakeFiles/std_msgs_generate_messages_lisp.dir/build'.
make[2]: Leaving directory '/bwc_ws/build/baseline_footstep_planner'
[  0%] Built target std_msgs_generate_messages_cpp
[  0%] Built target geometry_msgs_generate_messages_py
[  0%] Built target std_msgs_generate_messages_py
[  0%] Built target geometry_msgs_generate_messages_cpp
[  0%] Built target std_msgs_generate_messages_eus
[  0%] Built target geometry_msgs_generate_messages_eus
[  0%] Built target std_msgs_generate_messages_nodejs
[  0%] Built target geometry_msgs_generate_messages_lisp
[  0%] Built target geometry_msgs_generate_messages_nodejs
[  0%] Built target std_msgs_generate_messages_lisp
make[2]: Leaving directory '/bwc_ws/build/baseline_footstep_planner'
make[2]: Leaving directory '/bwc_ws/build/baseline_footstep_planner'
make[2]: Leaving directory '/bwc_ws/build/baseline_footstep_planner'
[  0%] Built target _baseline_footstep_planner_generate_messages_check_deps_FootstepSequence2DStamped
[  0%] Built target _baseline_footstep_planner_generate_messages_check_deps_Footstep2D
[  0%] Built target _baseline_footstep_planner_generate_messages_check_deps_FootstepSequence2D
/usr/bin/make  -f CMakeFiles/baseline_footstep_planner_generate_messages_py.dir/build.make CMakeFiles/baseline_footstep_planner_generate_messages_py.dir/depend
/usr/bin/make  -f CMakeFiles/baseline_footstep_planner_generate_messages_cpp.dir/build.make CMakeFiles/baseline_footstep_planner_generate_messages_cpp.dir/depend
/usr/bin/make  -f CMakeFiles/baseline_footstep_planner_generate_messages_eus.dir/build.make CMakeFiles/baseline_footstep_planner_generate_messages_eus.dir/depend
make[2]: Entering directory '/bwc_ws/build/baseline_footstep_planner'
cd /bwc_ws/build/baseline_footstep_planner && /usr/bin/cmake -E cmake_depends "Unix Makefiles" /bwc_ws/src/isri-aist/BaselineFootstepPlanner /bwc_ws/src/isri-aist/BaselineFootstepPlanner /bwc_ws/build/baseline_footstep_planner /bwc_ws/build/baseline_footstep_planner /bwc_ws/build/baseline_footstep_planner/CMakeFiles/baseline_footstep_planner_generate_messages_py.dir/DependInfo.cmake "--color="
/usr/bin/make  -f CMakeFiles/baseline_footstep_planner_generate_messages_lisp.dir/build.make CMakeFiles/baseline_footstep_planner_generate_messages_lisp.dir/depend
/usr/bin/make  -f CMakeFiles/baseline_footstep_planner_generate_messages_nodejs.dir/build.make CMakeFiles/baseline_footstep_planner_generate_messages_nodejs.dir/depend
make[2]: Entering directory '/bwc_ws/build/baseline_footstep_planner'
cd /bwc_ws/build/baseline_footstep_planner && /usr/bin/cmake -E cmake_depends "Unix Makefiles" /bwc_ws/src/isri-aist/BaselineFootstepPlanner /bwc_ws/src/isri-aist/BaselineFootstepPlanner /bwc_ws/build/baseline_footstep_planner /bwc_ws/build/baseline_footstep_planner /bwc_ws/build/baseline_footstep_planner/CMakeFiles/baseline_footstep_planner_generate_messages_cpp.dir/DependInfo.cmake "--color="
make[2]: Entering directory '/bwc_ws/build/baseline_footstep_planner'
cd /bwc_ws/build/baseline_footstep_planner && /usr/bin/cmake -E cmake_depends "Unix Makefiles" /bwc_ws/src/isri-aist/BaselineFootstepPlanner /bwc_ws/src/isri-aist/BaselineFootstepPlanner /bwc_ws/build/baseline_footstep_planner /bwc_ws/build/baseline_footstep_planner /bwc_ws/build/baseline_footstep_planner/CMakeFiles/baseline_footstep_planner_generate_messages_eus.dir/DependInfo.cmake "--color="
make[2]: Entering directory '/bwc_ws/build/baseline_footstep_planner'
cd /bwc_ws/build/baseline_footstep_planner && /usr/bin/cmake -E cmake_depends "Unix Makefiles" /bwc_ws/src/isri-aist/BaselineFootstepPlanner /bwc_ws/src/isri-aist/BaselineFootstepPlanner /bwc_ws/build/baseline_footstep_planner /bwc_ws/build/baseline_footstep_planner /bwc_ws/build/baseline_footstep_planner/CMakeFiles/baseline_footstep_planner_generate_messages_lisp.dir/DependInfo.cmake "--color="
make[2]: Entering directory '/bwc_ws/build/baseline_footstep_planner'
cd /bwc_ws/build/baseline_footstep_planner && /usr/bin/cmake -E cmake_depends "Unix Makefiles" /bwc_ws/src/isri-aist/BaselineFootstepPlanner /bwc_ws/src/isri-aist/BaselineFootstepPlanner /bwc_ws/build/baseline_footstep_planner /bwc_ws/build/baseline_footstep_planner /bwc_ws/build/baseline_footstep_planner/CMakeFiles/baseline_footstep_planner_generate_messages_nodejs.dir/DependInfo.cmake "--color="
make[2]: Leaving directory '/bwc_ws/build/baseline_footstep_planner'
make[2]: Leaving directory '/bwc_ws/build/baseline_footstep_planner'
/usr/bin/make  -f CMakeFiles/baseline_footstep_planner_generate_messages_py.dir/build.make CMakeFiles/baseline_footstep_planner_generate_messages_py.dir/build
/usr/bin/make  -f CMakeFiles/baseline_footstep_planner_generate_messages_cpp.dir/build.make CMakeFiles/baseline_footstep_planner_generate_messages_cpp.dir/build
make[2]: Leaving directory '/bwc_ws/build/baseline_footstep_planner'
make[2]: Leaving directory '/bwc_ws/build/baseline_footstep_planner'
/usr/bin/make  -f CMakeFiles/baseline_footstep_planner_generate_messages_eus.dir/build.make CMakeFiles/baseline_footstep_planner_generate_messages_eus.dir/build
/usr/bin/make  -f CMakeFiles/baseline_footstep_planner_generate_messages_lisp.dir/build.make CMakeFiles/baseline_footstep_planner_generate_messages_lisp.dir/build
make[2]: Leaving directory '/bwc_ws/build/baseline_footstep_planner'
/usr/bin/make  -f CMakeFiles/baseline_footstep_planner_generate_messages_nodejs.dir/build.make CMakeFiles/baseline_footstep_planner_generate_messages_nodejs.dir/build
make[2]: Entering directory '/bwc_ws/build/baseline_footstep_planner'
make[2]: Nothing to be done for 'CMakeFiles/baseline_footstep_planner_generate_messages_py.dir/build'.
make[2]: Leaving directory '/bwc_ws/build/baseline_footstep_planner'
make[2]: Entering directory '/bwc_ws/build/baseline_footstep_planner'
make[2]: Nothing to be done for 'CMakeFiles/baseline_footstep_planner_generate_messages_cpp.dir/build'.
make[2]: Leaving directory '/bwc_ws/build/baseline_footstep_planner'
make[2]: Entering directory '/bwc_ws/build/baseline_footstep_planner'
make[2]: Nothing to be done for 'CMakeFiles/baseline_footstep_planner_generate_messages_eus.dir/build'.
make[2]: Leaving directory '/bwc_ws/build/baseline_footstep_planner'
make[2]: Entering directory '/bwc_ws/build/baseline_footstep_planner'
make[2]: Nothing to be done for 'CMakeFiles/baseline_footstep_planner_generate_messages_lisp.dir/build'.
make[2]: Leaving directory '/bwc_ws/build/baseline_footstep_planner'
make[2]: Entering directory '/bwc_ws/build/baseline_footstep_planner'
make[2]: Nothing to be done for 'CMakeFiles/baseline_footstep_planner_generate_messages_nodejs.dir/build'.
make[2]: Leaving directory '/bwc_ws/build/baseline_footstep_planner'
[ 20%] Built target baseline_footstep_planner_generate_messages_cpp
[ 28%] Built target baseline_footstep_planner_generate_messages_py
[ 48%] Built target baseline_footstep_planner_generate_messages_eus
[ 56%] Built target baseline_footstep_planner_generate_messages_lisp
[ 68%] Built target baseline_footstep_planner_generate_messages_nodejs
/usr/bin/make  -f CMakeFiles/baseline_footstep_planner_generate_messages.dir/build.make CMakeFiles/baseline_footstep_planner_generate_messages.dir/depend
/usr/bin/make  -f src/CMakeFiles/BaselineFootstepPlanner.dir/build.make src/CMakeFiles/BaselineFootstepPlanner.dir/depend
make[2]: Entering directory '/bwc_ws/build/baseline_footstep_planner'
cd /bwc_ws/build/baseline_footstep_planner && /usr/bin/cmake -E cmake_depends "Unix Makefiles" /bwc_ws/src/isri-aist/BaselineFootstepPlanner /bwc_ws/src/isri-aist/BaselineFootstepPlanner /bwc_ws/build/baseline_footstep_planner /bwc_ws/build/baseline_footstep_planner /bwc_ws/build/baseline_footstep_planner/CMakeFiles/baseline_footstep_planner_generate_messages.dir/DependInfo.cmake "--color="
make[2]: Entering directory '/bwc_ws/build/baseline_footstep_planner'
cd /bwc_ws/build/baseline_footstep_planner && /usr/bin/cmake -E cmake_depends "Unix Makefiles" /bwc_ws/src/isri-aist/BaselineFootstepPlanner /bwc_ws/src/isri-aist/BaselineFootstepPlanner/src /bwc_ws/build/baseline_footstep_planner /bwc_ws/build/baseline_footstep_planner/src /bwc_ws/build/baseline_footstep_planner/src/CMakeFiles/BaselineFootstepPlanner.dir/DependInfo.cmake "--color="
make[2]: Leaving directory '/bwc_ws/build/baseline_footstep_planner'
/usr/bin/make  -f CMakeFiles/baseline_footstep_planner_generate_messages.dir/build.make CMakeFiles/baseline_footstep_planner_generate_messages.dir/build
make[2]: Entering directory '/bwc_ws/build/baseline_footstep_planner'
make[2]: Nothing to be done for 'CMakeFiles/baseline_footstep_planner_generate_messages.dir/build'.
make[2]: Leaving directory '/bwc_ws/build/baseline_footstep_planner'
[ 68%] Built target baseline_footstep_planner_generate_messages
make[2]: Leaving directory '/bwc_ws/build/baseline_footstep_planner'
/usr/bin/make  -f src/CMakeFiles/BaselineFootstepPlanner.dir/build.make src/CMakeFiles/BaselineFootstepPlanner.dir/build
make[2]: Entering directory '/bwc_ws/build/baseline_footstep_planner'
[ 72%] [32mBuilding CXX object src/CMakeFiles/BaselineFootstepPlanner.dir/FootstepState.cpp.o[0m
[ 76%] [32mBuilding CXX object src/CMakeFiles/BaselineFootstepPlanner.dir/FootstepEnv.cpp.o[0m
cd /bwc_ws/build/baseline_footstep_planner/src && /usr/bin/c++ -DBaselineFootstepPlanner_EXPORTS -DROSCONSOLE_BACKEND_LOG4CXX -DROS_BUILD_SHARED_LIBS=1 -DROS_PACKAGE_NAME=\"baseline_footstep_planner\" -I/bwc_ws/devel/.private/baseline_footstep_planner/include -I/bwc_ws/build/baseline_footstep_planner -I/bwc_ws/build/baseline_footstep_planner/include -I/bwc_ws/src/isri-aist/BaselineFootstepPlanner/include -I/opt/ros/noetic/share/xmlrpcpp/cmake/../../../include/xmlrpcpp -isystem /opt/ros/noetic/include -pedantic -Wno-long-long -Wall -Wextra -Wcast-align -Wcast-qual -Wformat -Wwrite-strings -Wconversion  -O2 -g -DNDEBUG -std=gnu++17 -fPIC -MD -MT src/CMakeFiles/BaselineFootstepPlanner.dir/FootstepState.cpp.o -MF CMakeFiles/BaselineFootstepPlanner.dir/FootstepState.cpp.o.d -o CMakeFiles/BaselineFootstepPlanner.dir/FootstepState.cpp.o -c /bwc_ws/src/isri-aist/BaselineFootstepPlanner/src/FootstepState.cpp
[ 80%] [32mBuilding CXX object src/CMakeFiles/BaselineFootstepPlanner.dir/FootstepDijkstraPathHeuristic.cpp.o[0m
cd /bwc_ws/build/baseline_footstep_planner/src && /usr/bin/c++ -DBaselineFootstepPlanner_EXPORTS -DROSCONSOLE_BACKEND_LOG4CXX -DROS_BUILD_SHARED_LIBS=1 -DROS_PACKAGE_NAME=\"baseline_footstep_planner\" -I/bwc_ws/devel/.private/baseline_footstep_planner/include -I/bwc_ws/build/baseline_footstep_planner -I/bwc_ws/build/baseline_footstep_planner/include -I/bwc_ws/src/isri-aist/BaselineFootstepPlanner/include -I/opt/ros/noetic/share/xmlrpcpp/cmake/../../../include/xmlrpcpp -isystem /opt/ros/noetic/include -pedantic -Wno-long-long -Wall -Wextra -Wcast-align -Wcast-qual -Wformat -Wwrite-strings -Wconversion  -O2 -g -DNDEBUG -std=gnu++17 -fPIC -MD -MT src/CMakeFiles/BaselineFootstepPlanner.dir/FootstepEnv.cpp.o -MF CMakeFiles/BaselineFootstepPlanner.dir/FootstepEnv.cpp.o.d -o CMakeFiles/BaselineFootstepPlanner.dir/FootstepEnv.cpp.o -c /bwc_ws/src/isri-aist/BaselineFootstepPlanner/src/FootstepEnv.cpp
cd /bwc_ws/build/baseline_footstep_planner/src && /usr/bin/c++ -DBaselineFootstepPlanner_EXPORTS -DROSCONSOLE_BACKEND_LOG4CXX -DROS_BUILD_SHARED_LIBS=1 -DROS_PACKAGE_NAME=\"baseline_footstep_planner\" -I/bwc_ws/devel/.private/baseline_footstep_planner/include -I/bwc_ws/build/baseline_footstep_planner -I/bwc_ws/build/baseline_footstep_planner/include -I/bwc_ws/src/isri-aist/BaselineFootstepPlanner/include -I/opt/ros/noetic/share/xmlrpcpp/cmake/../../../include/xmlrpcpp -isystem /opt/ros/noetic/include -pedantic -Wno-long-long -Wall -Wextra -Wcast-align -Wcast-qual -Wformat -Wwrite-strings -Wconversion  -O2 -g -DNDEBUG -std=gnu++17 -fPIC -MD -MT src/CMakeFiles/BaselineFootstepPlanner.dir/FootstepDijkstraPathHeuristic.cpp.o -MF CMakeFiles/BaselineFootstepPlanner.dir/FootstepDijkstraPathHeuristic.cpp.o.d -o CMakeFiles/BaselineFootstepPlanner.dir/FootstepDijkstraPathHeuristic.cpp.o -c /bwc_ws/src/isri-aist/BaselineFootstepPlanner/src/FootstepDijkstraPathHeuristic.cpp
[ 84%] [32mBuilding CXX object src/CMakeFiles/BaselineFootstepPlanner.dir/FootstepPlanner.cpp.o[0m
cd /bwc_ws/build/baseline_footstep_planner/src && /usr/bin/c++ -DBaselineFootstepPlanner_EXPORTS -DROSCONSOLE_BACKEND_LOG4CXX -DROS_BUILD_SHARED_LIBS=1 -DROS_PACKAGE_NAME=\"baseline_footstep_planner\" -I/bwc_ws/devel/.private/baseline_footstep_planner/include -I/bwc_ws/build/baseline_footstep_planner -I/bwc_ws/build/baseline_footstep_planner/include -I/bwc_ws/src/isri-aist/BaselineFootstepPlanner/include -I/opt/ros/noetic/share/xmlrpcpp/cmake/../../../include/xmlrpcpp -isystem /opt/ros/noetic/include -pedantic -Wno-long-long -Wall -Wextra -Wcast-align -Wcast-qual -Wformat -Wwrite-strings -Wconversion  -O2 -g -DNDEBUG -std=gnu++17 -fPIC -MD -MT src/CMakeFiles/BaselineFootstepPlanner.dir/FootstepPlanner.cpp.o -MF CMakeFiles/BaselineFootstepPlanner.dir/FootstepPlanner.cpp.o.d -o CMakeFiles/BaselineFootstepPlanner.dir/FootstepPlanner.cpp.o -c /bwc_ws/src/isri-aist/BaselineFootstepPlanner/src/FootstepPlanner.cpp
[ 88%] [32mBuilding CXX object src/CMakeFiles/BaselineFootstepPlanner.dir/FootstepEnvConfigRos.cpp.o[0m
cd /bwc_ws/build/baseline_footstep_planner/src && /usr/bin/c++ -DBaselineFootstepPlanner_EXPORTS -DROSCONSOLE_BACKEND_LOG4CXX -DROS_BUILD_SHARED_LIBS=1 -DROS_PACKAGE_NAME=\"baseline_footstep_planner\" -I/bwc_ws/devel/.private/baseline_footstep_planner/include -I/bwc_ws/build/baseline_footstep_planner -I/bwc_ws/build/baseline_footstep_planner/include -I/bwc_ws/src/isri-aist/BaselineFootstepPlanner/include -I/opt/ros/noetic/share/xmlrpcpp/cmake/../../../include/xmlrpcpp -isystem /opt/ros/noetic/include -pedantic -Wno-long-long -Wall -Wextra -Wcast-align -Wcast-qual -Wformat -Wwrite-strings -Wconversion  -O2 -g -DNDEBUG -std=gnu++17 -fPIC -MD -MT src/CMakeFiles/BaselineFootstepPlanner.dir/FootstepEnvConfigRos.cpp.o -MF CMakeFiles/BaselineFootstepPlanner.dir/FootstepEnvConfigRos.cpp.o.d -o CMakeFiles/BaselineFootstepPlanner.dir/FootstepEnvConfigRos.cpp.o -c /bwc_ws/src/isri-aist/BaselineFootstepPlanner/src/FootstepEnvConfigRos.cpp
[ 92%] [32m[1mLinking CXX shared library /bwc_ws/devel/.private/baseline_footstep_planner/lib/libBaselineFootstepPlanner.so[0m
cd /bwc_ws/build/baseline_footstep_planner/src && /usr/bin/cmake -E cmake_link_script CMakeFiles/BaselineFootstepPlanner.dir/link.txt --verbose=1
/usr/bin/c++ -fPIC  -pedantic -Wno-long-long -Wall -Wextra -Wcast-align -Wcast-qual -Wformat -Wwrite-strings -Wconversion  -O2 -g -DNDEBUG -shared -Wl,-soname,libBaselineFootstepPlanner.so.0 -o /bwc_ws/devel/.private/baseline_footstep_planner/lib/libBaselineFootstepPlanner.so.0.1.0 CMakeFiles/BaselineFootstepPlanner.dir/FootstepState.cpp.o CMakeFiles/BaselineFootstepPlanner.dir/FootstepEnv.cpp.o CMakeFiles/BaselineFootstepPlanner.dir/FootstepDijkstraPathHeuristic.cpp.o CMakeFiles/BaselineFootstepPlanner.dir/FootstepPlanner.cpp.o CMakeFiles/BaselineFootstepPlanner.dir/FootstepEnvConfigRos.cpp.o  -Wl,-rpath,/opt/ros/noetic/lib: /opt/ros/noetic/lib/libroscpp.so /usr/lib/x86_64-linux-gnu/libpthread.so /usr/lib/x86_64-linux-gnu/libboost_chrono.so.1.71.0 /usr/lib/x86_64-linux-gnu/libboost_filesystem.so.1.71.0 /opt/ros/noetic/lib/librosconsole.so /opt/ros/noetic/lib/librosconsole_log4cxx.so /opt/ros/noetic/lib/librosconsole_backend_interface.so /usr/lib/x86_64-linux-gnu/liblog4cxx.so /usr/lib/x86_64-linux-gnu/libboost_regex.so.1.71.0 /opt/ros/noetic/lib/libxmlrpcpp.so /opt/ros/noetic/lib/libroscpp_serialization.so /opt/ros/noetic/lib/librostime.so /usr/lib/x86_64-linux-gnu/libboost_date_time.so.1.71.0 /opt/ros/noetic/lib/libcpp_common.so /usr/lib/x86_64-linux-gnu/libboost_system.so.1.71.0 /usr/lib/x86_64-linux-gnu/libboost_thread.so.1.71.0 /usr/lib/x86_64-linux-gnu/libconsole_bridge.so.0.4 /opt/ros/noetic/lib/libsbpl.so
cd /bwc_ws/build/baseline_footstep_planner/src && /usr/bin/cmake -E cmake_symlink_library /bwc_ws/devel/.private/baseline_footstep_planner/lib/libBaselineFootstepPlanner.so.0.1.0 /bwc_ws/devel/.private/baseline_footstep_planner/lib/libBaselineFootstepPlanner.so.0 /bwc_ws/devel/.private/baseline_footstep_planner/lib/libBaselineFootstepPlanner.so
make[2]: Leaving directory '/bwc_ws/build/baseline_footstep_planner'
[ 92%] Built target BaselineFootstepPlanner
/usr/bin/make  -f node/CMakeFiles/FootstepPlannerNode.dir/build.make node/CMakeFiles/FootstepPlannerNode.dir/depend
make[2]: Entering directory '/bwc_ws/build/baseline_footstep_planner'
cd /bwc_ws/build/baseline_footstep_planner && /usr/bin/cmake -E cmake_depends "Unix Makefiles" /bwc_ws/src/isri-aist/BaselineFootstepPlanner /bwc_ws/src/isri-aist/BaselineFootstepPlanner/node /bwc_ws/build/baseline_footstep_planner /bwc_ws/build/baseline_footstep_planner/node /bwc_ws/build/baseline_footstep_planner/node/CMakeFiles/FootstepPlannerNode.dir/DependInfo.cmake "--color="
make[2]: Leaving directory '/bwc_ws/build/baseline_footstep_planner'
/usr/bin/make  -f node/CMakeFiles/FootstepPlannerNode.dir/build.make node/CMakeFiles/FootstepPlannerNode.dir/build
make[2]: Entering directory '/bwc_ws/build/baseline_footstep_planner'
[ 96%] [32mBuilding CXX object node/CMakeFiles/FootstepPlannerNode.dir/FootstepPlannerNode.cpp.o[0m
cd /bwc_ws/build/baseline_footstep_planner/node && /usr/bin/c++ -DROSCONSOLE_BACKEND_LOG4CXX -DROS_BUILD_SHARED_LIBS=1 -DROS_PACKAGE_NAME=\"baseline_footstep_planner\" -I/bwc_ws/devel/.private/baseline_footstep_planner/include -I/bwc_ws/build/baseline_footstep_planner -I/bwc_ws/build/baseline_footstep_planner/include -I/bwc_ws/src/isri-aist/BaselineFootstepPlanner/include -I/opt/ros/noetic/share/xmlrpcpp/cmake/../../../include/xmlrpcpp -isystem /opt/ros/noetic/include -pedantic -Wno-long-long -Wall -Wextra -Wcast-align -Wcast-qual -Wformat -Wwrite-strings -Wconversion  -O2 -g -DNDEBUG -std=gnu++17 -MD -MT node/CMakeFiles/FootstepPlannerNode.dir/FootstepPlannerNode.cpp.o -MF CMakeFiles/FootstepPlannerNode.dir/FootstepPlannerNode.cpp.o.d -o CMakeFiles/FootstepPlannerNode.dir/FootstepPlannerNode.cpp.o -c /bwc_ws/src/isri-aist/BaselineFootstepPlanner/node/FootstepPlannerNode.cpp
[100%] [32m[1mLinking CXX executable /bwc_ws/devel/.private/baseline_footstep_planner/lib/baseline_footstep_planner/FootstepPlannerNode[0m
cd /bwc_ws/build/baseline_footstep_planner/node && /usr/bin/cmake -E cmake_link_script CMakeFiles/FootstepPlannerNode.dir/link.txt --verbose=1
/usr/bin/c++  -pedantic -Wno-long-long -Wall -Wextra -Wcast-align -Wcast-qual -Wformat -Wwrite-strings -Wconversion  -O2 -g -DNDEBUG CMakeFiles/FootstepPlannerNode.dir/FootstepPlannerNode.cpp.o -o /bwc_ws/devel/.private/baseline_footstep_planner/lib/baseline_footstep_planner/FootstepPlannerNode  -Wl,-rpath,/bwc_ws/devel/.private/baseline_footstep_planner/lib:/opt/ros/noetic/lib /bwc_ws/devel/.private/baseline_footstep_planner/lib/libBaselineFootstepPlanner.so.0.1.0 /opt/ros/noetic/lib/libroscpp.so /usr/lib/x86_64-linux-gnu/libpthread.so /usr/lib/x86_64-linux-gnu/libboost_chrono.so.1.71.0 /usr/lib/x86_64-linux-gnu/libboost_filesystem.so.1.71.0 /opt/ros/noetic/lib/librosconsole.so /opt/ros/noetic/lib/librosconsole_log4cxx.so /opt/ros/noetic/lib/librosconsole_backend_interface.so /usr/lib/x86_64-linux-gnu/liblog4cxx.so /usr/lib/x86_64-linux-gnu/libboost_regex.so.1.71.0 /opt/ros/noetic/lib/libxmlrpcpp.so /opt/ros/noetic/lib/libroscpp_serialization.so /opt/ros/noetic/lib/librostime.so /usr/lib/x86_64-linux-gnu/libboost_date_time.so.1.71.0 /opt/ros/noetic/lib/libcpp_common.so /usr/lib/x86_64-linux-gnu/libboost_system.so.1.71.0 /usr/lib/x86_64-linux-gnu/libboost_thread.so.1.71.0 /usr/lib/x86_64-linux-gnu/libconsole_bridge.so.0.4 /opt/ros/noetic/lib/libsbpl.so
make[2]: Leaving directory '/bwc_ws/build/baseline_footstep_planner'
[100%] Built target FootstepPlannerNode
make[1]: Leaving directory '/bwc_ws/build/baseline_footstep_planner'
/usr/bin/cmake -E cmake_progress_start /bwc_ws/build/baseline_footstep_planner/CMakeFiles 0
