Linked: (/bwc_ws/devel/.private/baseline_footstep_planner/include/baseline_footstep_planner/FootstepSequence2D.h, /bwc_ws/devel/include/baseline_footstep_planner/FootstepSequence2D.h)
Linked: (/bwc_ws/devel/.private/baseline_footstep_planner/include/baseline_footstep_planner/Footstep2D.h, /bwc_ws/devel/include/baseline_footstep_planner/Footstep2D.h)
Linked: (/bwc_ws/devel/.private/baseline_footstep_planner/include/baseline_footstep_planner/FootstepSequence2DStamped.h, /bwc_ws/devel/include/baseline_footstep_planner/FootstepSequence2DStamped.h)
Linked: (/bwc_ws/devel/.private/baseline_footstep_planner/lib/libBaselineFootstepPlanner.so.0.1.0, /bwc_ws/devel/lib/libBaselineFootstepPlanner.so.0.1.0)
Linked: (/bwc_ws/devel/.private/baseline_footstep_planner/lib/libBaselineFootstepPlanner.so, /bwc_ws/devel/lib/libBaselineFootstepPlanner.so)
Linked: (/bwc_ws/devel/.private/baseline_footstep_planner/lib/libBaselineFootstepPlanner.so.0, /bwc_ws/devel/lib/libBaselineFootstepPlanner.so.0)
Linked: (/bwc_ws/devel/.private/baseline_footstep_planner/lib/pkgconfig/baseline_footstep_planner.pc, /bwc_ws/devel/lib/pkgconfig/baseline_footstep_planner.pc)
Linked: (/bwc_ws/devel/.private/baseline_footstep_planner/lib/python3/dist-packages/baseline_footstep_planner/__init__.py, /bwc_ws/devel/lib/python3/dist-packages/baseline_footstep_planner/__init__.py)
Linked: (/bwc_ws/devel/.private/baseline_footstep_planner/lib/python3/dist-packages/baseline_footstep_planner/msg/__init__.py, /bwc_ws/devel/lib/python3/dist-packages/baseline_footstep_planner/msg/__init__.py)
Linked: (/bwc_ws/devel/.private/baseline_footstep_planner/lib/python3/dist-packages/baseline_footstep_planner/msg/_FootstepSequence2D.py, /bwc_ws/devel/lib/python3/dist-packages/baseline_footstep_planner/msg/_FootstepSequence2D.py)
Linked: (/bwc_ws/devel/.private/baseline_footstep_planner/lib/python3/dist-packages/baseline_footstep_planner/msg/_FootstepSequence2DStamped.py, /bwc_ws/devel/lib/python3/dist-packages/baseline_footstep_planner/msg/_FootstepSequence2DStamped.py)
Linked: (/bwc_ws/devel/.private/baseline_footstep_planner/lib/python3/dist-packages/baseline_footstep_planner/msg/_Footstep2D.py, /bwc_ws/devel/lib/python3/dist-packages/baseline_footstep_planner/msg/_Footstep2D.py)
Linked: (/bwc_ws/devel/.private/baseline_footstep_planner/lib/baseline_footstep_planner/FootstepPlannerNode, /bwc_ws/devel/lib/baseline_footstep_planner/FootstepPlannerNode)
Linked: (/bwc_ws/devel/.private/baseline_footstep_planner/share/gennodejs/ros/baseline_footstep_planner/_index.js, /bwc_ws/devel/share/gennodejs/ros/baseline_footstep_planner/_index.js)
Linked: (/bwc_ws/devel/.private/baseline_footstep_planner/share/gennodejs/ros/baseline_footstep_planner/msg/FootstepSequence2DStamped.js, /bwc_ws/devel/share/gennodejs/ros/baseline_footstep_planner/msg/FootstepSequence2DStamped.js)
Linked: (/bwc_ws/devel/.private/baseline_footstep_planner/share/gennodejs/ros/baseline_footstep_planner/msg/_index.js, /bwc_ws/devel/share/gennodejs/ros/baseline_footstep_planner/msg/_index.js)
Linked: (/bwc_ws/devel/.private/baseline_footstep_planner/share/gennodejs/ros/baseline_footstep_planner/msg/Footstep2D.js, /bwc_ws/devel/share/gennodejs/ros/baseline_footstep_planner/msg/Footstep2D.js)
Linked: (/bwc_ws/devel/.private/baseline_footstep_planner/share/gennodejs/ros/baseline_footstep_planner/msg/FootstepSequence2D.js, /bwc_ws/devel/share/gennodejs/ros/baseline_footstep_planner/msg/FootstepSequence2D.js)
Linked: (/bwc_ws/devel/.private/baseline_footstep_planner/share/common-lisp/ros/baseline_footstep_planner/msg/FootstepSequence2DStamped.lisp, /bwc_ws/devel/share/common-lisp/ros/baseline_footstep_planner/msg/FootstepSequence2DStamped.lisp)
Linked: (/bwc_ws/devel/.private/baseline_footstep_planner/share/common-lisp/ros/baseline_footstep_planner/msg/Footstep2D.lisp, /bwc_ws/devel/share/common-lisp/ros/baseline_footstep_planner/msg/Footstep2D.lisp)
Linked: (/bwc_ws/devel/.private/baseline_footstep_planner/share/common-lisp/ros/baseline_footstep_planner/msg/baseline_footstep_planner-msg.asd, /bwc_ws/devel/share/common-lisp/ros/baseline_footstep_planner/msg/baseline_footstep_planner-msg.asd)
Linked: (/bwc_ws/devel/.private/baseline_footstep_planner/share/common-lisp/ros/baseline_footstep_planner/msg/FootstepSequence2D.lisp, /bwc_ws/devel/share/common-lisp/ros/baseline_footstep_planner/msg/FootstepSequence2D.lisp)
Linked: (/bwc_ws/devel/.private/baseline_footstep_planner/share/common-lisp/ros/baseline_footstep_planner/msg/_package.lisp, /bwc_ws/devel/share/common-lisp/ros/baseline_footstep_planner/msg/_package.lisp)
Linked: (/bwc_ws/devel/.private/baseline_footstep_planner/share/common-lisp/ros/baseline_footstep_planner/msg/_package_FootstepSequence2D.lisp, /bwc_ws/devel/share/common-lisp/ros/baseline_footstep_planner/msg/_package_FootstepSequence2D.lisp)
Linked: (/bwc_ws/devel/.private/baseline_footstep_planner/share/common-lisp/ros/baseline_footstep_planner/msg/_package_Footstep2D.lisp, /bwc_ws/devel/share/common-lisp/ros/baseline_footstep_planner/msg/_package_Footstep2D.lisp)
Linked: (/bwc_ws/devel/.private/baseline_footstep_planner/share/common-lisp/ros/baseline_footstep_planner/msg/_package_FootstepSequence2DStamped.lisp, /bwc_ws/devel/share/common-lisp/ros/baseline_footstep_planner/msg/_package_FootstepSequence2DStamped.lisp)
Linked: (/bwc_ws/devel/.private/baseline_footstep_planner/share/roseus/ros/baseline_footstep_planner/manifest.l, /bwc_ws/devel/share/roseus/ros/baseline_footstep_planner/manifest.l)
Linked: (/bwc_ws/devel/.private/baseline_footstep_planner/share/roseus/ros/baseline_footstep_planner/msg/FootstepSequence2DStamped.l, /bwc_ws/devel/share/roseus/ros/baseline_footstep_planner/msg/FootstepSequence2DStamped.l)
Linked: (/bwc_ws/devel/.private/baseline_footstep_planner/share/roseus/ros/baseline_footstep_planner/msg/Footstep2D.l, /bwc_ws/devel/share/roseus/ros/baseline_footstep_planner/msg/Footstep2D.l)
Linked: (/bwc_ws/devel/.private/baseline_footstep_planner/share/roseus/ros/baseline_footstep_planner/msg/FootstepSequence2D.l, /bwc_ws/devel/share/roseus/ros/baseline_footstep_planner/msg/FootstepSequence2D.l)
Linked: (/bwc_ws/devel/.private/baseline_footstep_planner/share/baseline_footstep_planner/cmake/baseline_footstep_planner-msg-paths.cmake, /bwc_ws/devel/share/baseline_footstep_planner/cmake/baseline_footstep_planner-msg-paths.cmake)
Linked: (/bwc_ws/devel/.private/baseline_footstep_planner/share/baseline_footstep_planner/cmake/baseline_footstep_plannerConfig.cmake, /bwc_ws/devel/share/baseline_footstep_planner/cmake/baseline_footstep_plannerConfig.cmake)
Linked: (/bwc_ws/devel/.private/baseline_footstep_planner/share/baseline_footstep_planner/cmake/baseline_footstep_planner-msg-extras.cmake, /bwc_ws/devel/share/baseline_footstep_planner/cmake/baseline_footstep_planner-msg-extras.cmake)
Linked: (/bwc_ws/devel/.private/baseline_footstep_planner/share/baseline_footstep_planner/cmake/baseline_footstep_plannerConfig-version.cmake, /bwc_ws/devel/share/baseline_footstep_planner/cmake/baseline_footstep_plannerConfig-version.cmake)
