This file contains any messages produced by compilers while
running CMake, to aid debugging if configure makes a mistake.

It was created by baseline_footstep_planner CMake configuration process 0.1.0, which was
generated by CMake 3.29.3.

## --------- ##
## Platform. ##
## --------- ##

hostname = irsl-System-Product-Name
system = Linux-6.11.0-21-generic
processor = x86_64
generator = Unix Makefiles

PATH /ros_ws/devel/bin
PATH /opt/ros/noetic/bin
PATH /mc_rtc_ws/install/bin
PATH /usr/local/sbin
PATH /usr/local/bin
PATH /usr/sbin
PATH /usr/bin
PATH /sbin
PATH /bin

PKG_CONFIG_PATH /bwc_ws/devel/lib/pkgconfig
PKG_CONFIG_PATH /ros_ws/devel/lib/pkgconfig
PKG_CONFIG_PATH /mc_rtc_ws/src/catkin_ws/devel/lib/pkgconfig
PKG_CONFIG_PATH /mc_rtc_ws/src/catkin_data_ws/devel/lib/pkgconfig
PKG_CONFIG_PATH /opt/ros/noetic/lib/pkgconfig
PKG_CONFIG_PATH /usr/local/lib/pkgconfig

## ---------------- ##
## CMake variables. ##
## ---------------- ##

CMAKE_ROOT = /usr/share/cmake-3.29
CMAKE_INCLUDE_PATH = 
CMAKE_LIBRARY_PATH = 
CMAKE_PREFIX_PATH = /bwc_ws/devel/.private/baseline_footstep_planner;/bwc_ws/devel;/ros_ws/devel;/mc_rtc_ws/src/catkin_ws/devel;/mc_rtc_ws/src/catkin_data_ws/devel;/opt/ros/noetic
CMAKE_INSTALL_ALWAYS = 
CMAKE_SKIP_RPATH = NO
CMAKE_SUPPRESS_REGENERATION = 
BUILD_SHARED_LIBS = ON

CMAKE_INSTALL_PREFIX = /bwc_ws/install
PROJECT_SOURCE_DIR = /bwc_ws/src/isri-aist/BaselineFootstepPlanner
PROJECT_SOURCE_DIR = /bwc_ws/src/isri-aist/BaselineFootstepPlanner
PROJECT_BINARY_DIR = /bwc_ws/build/baseline_footstep_planner
CMAKE_BINARY_DIR = /bwc_ws/build/baseline_footstep_planner

CMAKE_AR = /usr/bin/ar
CMAKE_RANLIB = /usr/bin/ranlib
CMAKE_BUILD_TYPE = RelWithDebInfo
CMAKE_CONFIGURATION_TYPES = 
CMAKE_SHARED_LINKER_FLAGS = 

CMAKE_C_COMPILER = /usr/bin/cc
CMAKE_C_FLAGS = 
CMAKE_C_FLAGS_DEBUG = -g
CMAKE_C_FLAGS_RELEASE = -O3 -DNDEBUG
CMAKE_CXX_COMPILER = /usr/bin/c++
CMAKE_CXX_FLAGS =  -pedantic -Wno-long-long -Wall -Wextra -Wcast-align -Wcast-qual -Wformat -Wwrite-strings -Wconversion 
CMAKE_CXX_FLAGS_DEBUG = -g
CMAKE_CXX_FLAGS_RELEASE = -O3 -DNDEBUG
CMAKE_CXX_FLAGS_RELWITHDEBINFO = -O2 -g -DNDEBUG

CMAKE_STATIC_LIBRARY_PREFIX = lib
CMAKE_STATIC_LIBRARY_SUFFIX = .a
CMAKE_SHARED_LIBRARY_PREFIX = lib
CMAKE_SHARED_LIBRARY_SUFFIX = .so
CMAKE_SHARED_MODULE_PREFIX = lib
CMAKE_SHARED_MODULE_SUFFIX = .so

## ------------------ ##
## Watched variables. ##
## ------------------ ##

WARNING_CXX_FLAGS =  -pedantic -Wno-long-long -Wall -Wextra -Wcast-align -Wcast-qual -Wformat -Wwrite-strings -Wconversion
_PKG_CONFIG_FOUND = undefined
PKG_CONFIG_EXECUTABLE = /usr/bin/pkg-config
_PKG_CONFIG_PREFIX = ${pcfiledir}/../..
_PKG_CONFIG_EXEC_PREFIX = ${pcfiledir}/../..
_PKG_CONFIG_LIBDIR = ${pcfiledir}/../../lib
_PKG_CONFIG_BINDIR = ${pcfiledir}/../../bin
_PKG_CONFIG_PKGLIBDIR = ${pcfiledir}/../../lib/baseline_footstep_planner
_PKG_CONFIG_INCLUDEDIR = ${pcfiledir}/../../include
_PKG_CONFIG_DATAROOTDIR = ${pcfiledir}/../../share
_PKG_CONFIG_PKGDATAROOTDIR = ${pcfiledir}/../../share
_PKG_CONFIG_DOCDIR = 
_PKG_CONFIG_DOXYGENDOCDIR = 
_PKG_CONFIG_PROJECT_NAME = baseline_footstep_planner
_PKG_CONFIG_DESCRIPTION = 
_PKG_CONFIG_URL = https://github.com/isri-aist/BaselineFootstepPlanner
_PKG_CONFIG_VERSION = 0.1.0
_PKG_CONFIG_REQUIRES = 
_PKG_CONFIG_REQUIRES_DEBUG = 
_PKG_CONFIG_REQUIRES_OPTIMIZED = 
_PKG_CONFIG_COMPILE_TIME_REQUIRES = 
_PKG_CONFIG_CONFLICTS = 
_PKG_CONFIG_LIBS = 
_PKG_CONFIG_LIBS_DEBUG = -L${libdir}
_PKG_CONFIG_LIBS_OPTIMIZED = -L${libdir}
_PKG_CONFIG_LIBS_PRIVATE = 
_PKG_CONFIG_CFLAGS = -I${includedir}
_PKG_CONFIG_CFLAGS_DEBUG = 
_PKG_CONFIG_CFLAGS_OPTIMIZED = 
_PKG_CONFIG_FILENAME = baseline_footstep_planner.pc
PKG_CONFIG_EXTRA = 
DOXYGEN_SKIP_DOT = undefined
DOXYGEN_EXECUTABLE = /usr/bin/doxygen
DOXYGEN_FOUND = YES
DOXYGEN_DOT_EXECUTABLE = /usr/bin/dot
DOXYGEN_DOT_FOUND = YES
DOXYGEN_DOT_PATH = /usr/bin
DOXYGEN_DOT_IMAGE_FORMAT = undefined
DOXYGEN_USE_MATHJAX = undefined
DOXYGEN_USE_TEMPLATE_CSS = undefined
## ---------------- ##
## Watched targets. ##
## ---------------- ##

