Not searching for unused variables given on the command line.
[36m--[0m Package version (ROS package.xml): 0.2.0
[36m--[0m Found Boost: /usr/lib/x86_64-linux-gnu/cmake/Boost-1.71.0/BoostConfig.cmake (found version "1.71.0") found components: filesystem timer stacktrace_backtrace
[36m--[0m Tasks not FOUND.
[36m--[0m Found Boost: /usr/lib/x86_64-linux-gnu/cmake/Boost-1.71.0/BoostConfig.cmake (found version "1.71.0") found components: system
[36m--[0m sch-core not FOUND.
[36m--[0m Found Boost: /usr/lib/x86_64-linux-gnu/cmake/Boost-1.71.0/BoostConfig.cmake (found version "1.71.0") found components: serialization
[36m--[0m Found Boost: /usr/lib/x86_64-linux-gnu/cmake/Boost-1.71.0/BoostConfig.cmake (found version "1.71.0") found components: timer
[36m--[0m state-observation FOUND. state-observation at /mc_rtc_ws/install/lib/libstate-observation.so
[36m--[0m Default C++ standard: 201703
[36m--[0m C++ standard sufficient: Minimal required 11, currently defined: 17
[0m-- Found GEOS by geos-config: /usr/lib/x86_64-linux-gnu/libgeos.so[0m
[0m-- Found nanomsg libraries: /usr/lib/x86_64-linux-gnu/libnanomsg.so[0m
[0m-- Found nanomsg include directories: /usr/include[0m
[36m--[0m Checking for module 'roscpp'
[36m--[0m   Found roscpp, version 1.16.0
[0m-- Found ROS libraries: /usr/lib/x86_64-linux-gnu/libboost_chrono.so.1.71.0;/usr/lib/x86_64-linux-gnu/libboost_filesystem.so.1.71.0;/usr/lib/x86_64-linux-gnu/libboost_system.so.1.71.0;/usr/lib/x86_64-linux-gnu/liblog4cxx.so;/usr/lib/x86_64-linux-gnu/libboost_regex.so.1.71.0;/usr/lib/x86_64-linux-gnu/libboost_thread.so.1.71.0;/usr/lib/x86_64-linux-gnu/libboost_date_time.so.1.71.0;/usr/lib/x86_64-linux-gnu/libconsole_bridge.so.0.4;/usr/lib/x86_64-linux-gnu/libtinyxml2.so;/usr/lib/x86_64-linux-gnu/libPocoFoundation.so;/usr/lib/x86_64-linux-gnu/libpython3.8.so;/usr/lib/x86_64-linux-gnu/libboost_program_options.so.1.71.0;/usr/lib/x86_64-linux-gnu/liblz4.so;/opt/ros/noetic/lib/libroscpp.so;/usr/lib/x86_64-linux-gnu/libpthread.so;/opt/ros/noetic/lib/librosconsole.so;/opt/ros/noetic/lib/librosconsole_log4cxx.so;/opt/ros/noetic/lib/librosconsole_backend_interface.so;/opt/ros/noetic/lib/libroscpp_serialization.so;/opt/ros/noetic/lib/libxmlrpcpp.so;/opt/ros/noetic/lib/librostime.so;/opt/ros/noetic/lib/libcpp_common.so;/opt/ros/noetic/lib/libtf2_ros.so;/opt/ros/noetic/lib/libactionlib.so;/opt/ros/noetic/lib/libmessage_filters.so;/opt/ros/noetic/lib/libtf2.so;/opt/ros/noetic/lib/librosbag.so;/opt/ros/noetic/lib/librosbag_storage.so;/opt/ros/noetic/lib/libclass_loader.so;/usr/lib/x86_64-linux-gnu/libdl.so;/opt/ros/noetic/lib/libroslib.so;/opt/ros/noetic/lib/librospack.so;/opt/ros/noetic/lib/libroslz4.so;/opt/ros/noetic/lib/libtopic_tools.so[0m
[0m-- Found ROS include directories: /opt/ros/noetic/include;/usr/include;/mc_rtc_ws/src/catkin_data_ws/devel/include[0m
[36m--[0m C++ standard sufficient: Minimal required 11, currently defined: 17
[36m--[0m Using CATKIN_DEVEL_PREFIX: /bwc_ws/devel/.private/force_control_collection
[36m--[0m Using CMAKE_PREFIX_PATH: /bwc_ws/devel;/ros_ws/devel;/mc_rtc_ws/src/catkin_ws/devel;/mc_rtc_ws/src/catkin_data_ws/devel;/opt/ros/noetic
[36m--[0m This workspace overlays: /bwc_ws/devel;/ros_ws/devel;/mc_rtc_ws/src/catkin_ws/devel;/mc_rtc_ws/src/catkin_data_ws/devel;/opt/ros/noetic
[33mCMake Warning (dev) at /opt/ros/noetic/share/catkin/cmake/python.cmake:4 (find_package):
  Policy CMP0148 is not set: The FindPythonInterp and FindPythonLibs modules
  are removed.  Run "cmake --help-policy CMP0148" for policy details.  Use
  the cmake_policy command to set the policy and suppress this warning.

[36mCall Stack (most recent call first):[0m
  /opt/ros/noetic/share/catkin/cmake/all.cmake:164 (include)
  /opt/ros/noetic/share/catkin/cmake/catkinConfig.cmake:20 (include)
  CMakeLists.txt:22 (find_package)
This warning is for project developers.  Use -Wno-dev to suppress it.
[0m
[36m--[0m Found PythonInterp: /usr/bin/python3 (found suitable version "3.8.10", minimum required is "3")
[36m--[0m Using PYTHON_EXECUTABLE: /usr/bin/python3
[36m--[0m Using Debian Python package layout
[36m--[0m Using empy: /usr/lib/python3/dist-packages/em.py
[36m--[0m Using CATKIN_ENABLE_TESTING: ON
[36m--[0m Call enable_testing()
[36m--[0m Using CATKIN_TEST_RESULTS_DIR: /bwc_ws/build/force_control_collection/test_results
[36m--[0m Forcing gtest/gmock from source, though one was otherwise available.
[36m--[0m Found gtest sources under '/usr/src/googletest': gtests will be built
[36m--[0m Found gmock sources under '/usr/src/googletest': gmock will be built
[0mCMake Deprecation Warning at /usr/src/googletest/CMakeLists.txt:4 (cmake_minimum_required):
  Compatibility with CMake < 3.5 will be removed from a future version of
  CMake.

  Update the VERSION argument <min> value or use a ...<max> suffix to tell
  CMake that the project does not need compatibility with older versions.

[0m
[0mCMake Deprecation Warning at /usr/src/googletest/googlemock/CMakeLists.txt:45 (cmake_minimum_required):
  Compatibility with CMake < 3.5 will be removed from a future version of
  CMake.

  Update the VERSION argument <min> value or use a ...<max> suffix to tell
  CMake that the project does not need compatibility with older versions.

[0m
[0mCMake Deprecation Warning at /usr/src/googletest/googletest/CMakeLists.txt:56 (cmake_minimum_required):
  Compatibility with CMake < 3.5 will be removed from a future version of
  CMake.

  Update the VERSION argument <min> value or use a ...<max> suffix to tell
  CMake that the project does not need compatibility with older versions.

[0m
[33mCMake Warning (dev) at /usr/src/googletest/googletest/cmake/internal_utils.cmake:249 (find_package):
  Policy CMP0148 is not set: The FindPythonInterp and FindPythonLibs modules
  are removed.  Run "cmake --help-policy CMP0148" for policy details.  Use
  the cmake_policy command to set the policy and suppress this warning.

[36mCall Stack (most recent call first):[0m
  /usr/src/googletest/googletest/CMakeLists.txt:91 (include)
This warning is for project developers.  Use -Wno-dev to suppress it.
[0m
[36m--[0m Found PythonInterp: /usr/bin/python3 (found version "3.8.10")
[36m--[0m Using Python nosetests: /usr/bin/nosetests3
[36m--[0m catkin 0.8.10
[36m--[0m BUILD_SHARED_LIBS is on
[36m--[0m Doxygen rendering: using LaTeX backend
[36m--[0m Configuring done (0.8s)
[36m--[0m Generating done (0.0s)
[36m--[0m Build files have been written to: /bwc_ws/build/force_control_collection
